Unable to parse files
In project: examples/nortos/MSP_EXP432P401R/drivers/display/iar/SysConfig_Generated_Files.ipcf

TypeError: Path must be a string. Received undefined
In project: examples/nortos/MSP_EXP432P401R/drivers/display/iar/SysConfig_Generated_Files.ipcf

Unable to parse files
In project: examples/nortos/MSP_EXP432P401R/drivers/display/iar/display_MSP_EXP432P401R_nortos_iar.ipcf

Unable to parse files
In project: examples/nortos/MSP_EXP432P401R/drivers/fatsdraw/iar/SysConfig_Generated_Files.ipcf

TypeError: Path must be a string. Received undefined
In project: examples/nortos/MSP_EXP432P401R/drivers/fatsdraw/iar/SysConfig_Generated_Files.ipcf

Unable to parse files
In project: examples/nortos/MSP_EXP432P401R/drivers/fatsdraw/iar/fatsdraw_MSP_EXP432P401R_nortos_iar.ipcf

Unable to parse files
In project: examples/nortos/MSP_EXP432P401R/drivers/gpiointerrupt/iar/SysConfig_Generated_Files.ipcf

TypeError: Path must be a string. Received undefined
In project: examples/nortos/MSP_EXP432P401R/drivers/gpiointerrupt/iar/SysConfig_Generated_Files.ipcf

Unable to parse files
In project: examples/nortos/MSP_EXP432P401R/drivers/gpiointerrupt/iar/gpiointerrupt_MSP_EXP432P401R_nortos_iar.ipcf

Unable to parse files
In project: examples/nortos/MSP_EXP432P401R/drivers/nvsinternal/iar/SysConfig_Generated_Files.ipcf

TypeError: Path must be a string. Received undefined
In project: examples/nortos/MSP_EXP432P401R/drivers/nvsinternal/iar/SysConfig_Generated_Files.ipcf

Unable to parse files
In project: examples/nortos/MSP_EXP432P401R/drivers/nvsinternal/iar/nvsinternal_MSP_EXP432P401R_nortos_iar.ipcf

Unable to parse files
In project: examples/nortos/MSP_EXP432P401R/drivers/pwmled2/iar/SysConfig_Generated_Files.ipcf

TypeError: Path must be a string. Received undefined
In project: examples/nortos/MSP_EXP432P401R/drivers/pwmled2/iar/SysConfig_Generated_Files.ipcf

Unable to parse files
In project: examples/nortos/MSP_EXP432P401R/drivers/pwmled2/iar/pwmled2_MSP_EXP432P401R_nortos_iar.ipcf

Unable to parse files
In project: examples/nortos/MSP_EXP432P401R/drivers/sdraw/iar/SysConfig_Generated_Files.ipcf

TypeError: Path must be a string. Received undefined
In project: examples/nortos/MSP_EXP432P401R/drivers/sdraw/iar/SysConfig_Generated_Files.ipcf

Unable to parse files
In project: examples/nortos/MSP_EXP432P401R/drivers/sdraw/iar/sdraw_MSP_EXP432P401R_nortos_iar.ipcf

Unable to parse files
In project: examples/nortos/MSP_EXP432P401R/drivers/spiffsinternal/iar/SysConfig_Generated_Files.ipcf

TypeError: Path must be a string. Received undefined
In project: examples/nortos/MSP_EXP432P401R/drivers/spiffsinternal/iar/SysConfig_Generated_Files.ipcf

Unable to parse files
In project: examples/nortos/MSP_EXP432P401R/drivers/spiffsinternal/iar/spiffsinternal_MSP_EXP432P401R_nortos_iar.ipcf

Unable to parse files
In project: examples/nortos/MSP_EXP432P401R/drivers/uartecho/iar/SysConfig_Generated_Files.ipcf

TypeError: Path must be a string. Received undefined
In project: examples/nortos/MSP_EXP432P401R/drivers/uartecho/iar/SysConfig_Generated_Files.ipcf

Unable to parse files
In project: examples/nortos/MSP_EXP432P401R/drivers/uartecho/iar/uartecho_MSP_EXP432P401R_nortos_iar.ipcf

Unable to parse files
In project: examples/nortos/MSP_EXP432P401R/drivers/watchdog/iar/SysConfig_Generated_Files.ipcf

TypeError: Path must be a string. Received undefined
In project: examples/nortos/MSP_EXP432P401R/drivers/watchdog/iar/SysConfig_Generated_Files.ipcf

Unable to parse files
In project: examples/nortos/MSP_EXP432P401R/drivers/watchdog/iar/watchdog_MSP_EXP432P401R_nortos_iar.ipcf

Unable to parse files
In project: examples/nortos/MSP_EXP432P4111/drivers/display/iar/SysConfig_Generated_Files.ipcf

TypeError: Path must be a string. Received undefined
In project: examples/nortos/MSP_EXP432P4111/drivers/display/iar/SysConfig_Generated_Files.ipcf

Unable to parse files
In project: examples/nortos/MSP_EXP432P4111/drivers/display/iar/display_MSP_EXP432P4111_nortos_iar.ipcf

Unable to parse files
In project: examples/nortos/MSP_EXP432P4111/drivers/fatsdraw/iar/SysConfig_Generated_Files.ipcf

TypeError: Path must be a string. Received undefined
In project: examples/nortos/MSP_EXP432P4111/drivers/fatsdraw/iar/SysConfig_Generated_Files.ipcf

Unable to parse files
In project: examples/nortos/MSP_EXP432P4111/drivers/fatsdraw/iar/fatsdraw_MSP_EXP432P4111_nortos_iar.ipcf

Unable to parse files
In project: examples/nortos/MSP_EXP432P4111/drivers/gpiointerrupt/iar/SysConfig_Generated_Files.ipcf

TypeError: Path must be a string. Received undefined
In project: examples/nortos/MSP_EXP432P4111/drivers/gpiointerrupt/iar/SysConfig_Generated_Files.ipcf

Unable to parse files
In project: examples/nortos/MSP_EXP432P4111/drivers/gpiointerrupt/iar/gpiointerrupt_MSP_EXP432P4111_nortos_iar.ipcf

Unable to parse files
In project: examples/nortos/MSP_EXP432P4111/drivers/nvsinternal/iar/SysConfig_Generated_Files.ipcf

TypeError: Path must be a string. Received undefined
In project: examples/nortos/MSP_EXP432P4111/drivers/nvsinternal/iar/SysConfig_Generated_Files.ipcf

Unable to parse files
In project: examples/nortos/MSP_EXP432P4111/drivers/nvsinternal/iar/nvsinternal_MSP_EXP432P4111_nortos_iar.ipcf

Unable to parse files
In project: examples/nortos/MSP_EXP432P4111/drivers/pwmled2/iar/SysConfig_Generated_Files.ipcf

TypeError: Path must be a string. Received undefined
In project: examples/nortos/MSP_EXP432P4111/drivers/pwmled2/iar/SysConfig_Generated_Files.ipcf

Unable to parse files
In project: examples/nortos/MSP_EXP432P4111/drivers/pwmled2/iar/pwmled2_MSP_EXP432P4111_nortos_iar.ipcf

Unable to parse files
In project: examples/nortos/MSP_EXP432P4111/drivers/sdraw/iar/SysConfig_Generated_Files.ipcf

TypeError: Path must be a string. Received undefined
In project: examples/nortos/MSP_EXP432P4111/drivers/sdraw/iar/SysConfig_Generated_Files.ipcf

Unable to parse files
In project: examples/nortos/MSP_EXP432P4111/drivers/sdraw/iar/sdraw_MSP_EXP432P4111_nortos_iar.ipcf

Unable to parse files
In project: examples/nortos/MSP_EXP432P4111/drivers/spiffsinternal/iar/SysConfig_Generated_Files.ipcf

TypeError: Path must be a string. Received undefined
In project: examples/nortos/MSP_EXP432P4111/drivers/spiffsinternal/iar/SysConfig_Generated_Files.ipcf

Unable to parse files
In project: examples/nortos/MSP_EXP432P4111/drivers/spiffsinternal/iar/spiffsinternal_MSP_EXP432P4111_nortos_iar.ipcf

Unable to parse files
In project: examples/nortos/MSP_EXP432P4111/drivers/uartecho/iar/SysConfig_Generated_Files.ipcf

TypeError: Path must be a string. Received undefined
In project: examples/nortos/MSP_EXP432P4111/drivers/uartecho/iar/SysConfig_Generated_Files.ipcf

Unable to parse files
In project: examples/nortos/MSP_EXP432P4111/drivers/uartecho/iar/uartecho_MSP_EXP432P4111_nortos_iar.ipcf

Unable to parse files
In project: examples/nortos/MSP_EXP432P4111/drivers/watchdog/iar/SysConfig_Generated_Files.ipcf

TypeError: Path must be a string. Received undefined
In project: examples/nortos/MSP_EXP432P4111/drivers/watchdog/iar/SysConfig_Generated_Files.ipcf

Unable to parse files
In project: examples/nortos/MSP_EXP432P4111/drivers/watchdog/iar/watchdog_MSP_EXP432P4111_nortos_iar.ipcf

Unable to parse files
In project: examples/rtos/MSP_EXP432P401R/demos/boostxl-capkeypad_captivate_demo/freertos/iar/SysConfig_Generated_Files.ipcf

TypeError: Path must be a string. Received undefined
In project: examples/rtos/MSP_EXP432P401R/demos/boostxl-capkeypad_captivate_demo/freertos/iar/SysConfig_Generated_Files.ipcf

Unable to parse files
In project: examples/rtos/MSP_EXP432P401R/demos/boostxl-capkeypad_captivate_demo/tirtos/iar/SysConfig_Generated_Files.ipcf

TypeError: Path must be a string. Received undefined
In project: examples/rtos/MSP_EXP432P401R/demos/boostxl-capkeypad_captivate_demo/tirtos/iar/SysConfig_Generated_Files.ipcf

Unable to parse files
In project: examples/rtos/MSP_EXP432P401R/demos/cmsis_dsplib_oversample/tirtos/iar/SysConfig_Generated_Files.ipcf

TypeError: Path must be a string. Received undefined
In project: examples/rtos/MSP_EXP432P401R/demos/cmsis_dsplib_oversample/tirtos/iar/SysConfig_Generated_Files.ipcf

Unable to parse files
In project: examples/rtos/MSP_EXP432P401R/demos/cmsis_dsplib_oversample/tirtos/iar/cmsis_dsplib_oversample_MSP_EXP432P401R_tirtos_iar.ipcf

Unable to parse files
In project: examples/rtos/MSP_EXP432P401R/demos/cmsis_dsplib_ulp/tirtos/iar/cmsis_dsplib_ulp_MSP_EXP432P401R_tirtos_iar.ipcf

Unable to parse files
In project: examples/rtos/MSP_EXP432P401R/demos/outofbox_msp432p401r/freertos/iar/SysConfig_Generated_Files.ipcf

TypeError: Path must be a string. Received undefined
In project: examples/rtos/MSP_EXP432P401R/demos/outofbox_msp432p401r/freertos/iar/SysConfig_Generated_Files.ipcf

Unable to parse files
In project: examples/rtos/MSP_EXP432P401R/demos/outofbox_msp432p401r/freertos/iar/outofbox_msp432p401r_MSP_EXP432P401R_freertos_iar.ipcf

Unable to parse files
In project: examples/rtos/MSP_EXP432P401R/demos/outofbox_msp432p401r/tirtos/iar/SysConfig_Generated_Files.ipcf

TypeError: Path must be a string. Received undefined
In project: examples/rtos/MSP_EXP432P401R/demos/outofbox_msp432p401r/tirtos/iar/SysConfig_Generated_Files.ipcf

Unable to parse files
In project: examples/rtos/MSP_EXP432P401R/demos/outofbox_msp432p401r/tirtos/iar/outofbox_msp432p401r_MSP_EXP432P401R_tirtos_iar.ipcf

Unable to parse files
In project: examples/rtos/MSP_EXP432P401R/demos/portable/freertos/iar/SysConfig_Generated_Files.ipcf

TypeError: Path must be a string. Received undefined
In project: examples/rtos/MSP_EXP432P401R/demos/portable/freertos/iar/SysConfig_Generated_Files.ipcf

Unable to parse files
In project: examples/rtos/MSP_EXP432P401R/demos/portable/freertos/iar/portable_MSP_EXP432P401R_freertos_iar.ipcf

Unable to parse files
In project: examples/rtos/MSP_EXP432P401R/demos/portable/tirtos/iar/SysConfig_Generated_Files.ipcf

TypeError: Path must be a string. Received undefined
In project: examples/rtos/MSP_EXP432P401R/demos/portable/tirtos/iar/SysConfig_Generated_Files.ipcf

Unable to parse files
In project: examples/rtos/MSP_EXP432P401R/demos/portable/tirtos/iar/portable_MSP_EXP432P401R_tirtos_iar.ipcf

Unable to parse files
In project: examples/rtos/MSP_EXP432P401R/demos/portableNative/freertos/iar/SysConfig_Generated_Files.ipcf

TypeError: Path must be a string. Received undefined
In project: examples/rtos/MSP_EXP432P401R/demos/portableNative/freertos/iar/SysConfig_Generated_Files.ipcf

Unable to parse files
In project: examples/rtos/MSP_EXP432P401R/demos/portableNative/tirtos/iar/SysConfig_Generated_Files.ipcf

TypeError: Path must be a string. Received undefined
In project: examples/rtos/MSP_EXP432P401R/demos/portableNative/tirtos/iar/SysConfig_Generated_Files.ipcf

Unable to parse files
In project: examples/rtos/MSP_EXP432P401R/demos/tida_01575_serial/freertos/iar/SysConfig_Generated_Files.ipcf

TypeError: Path must be a string. Received undefined
In project: examples/rtos/MSP_EXP432P401R/demos/tida_01575_serial/freertos/iar/SysConfig_Generated_Files.ipcf

Unable to parse files
In project: examples/rtos/MSP_EXP432P401R/demos/tida_01575_serial/freertos/iar/tida_01575_serial_MSP_EXP432P401R_freertos_iar.ipcf

Unable to parse files
In project: examples/rtos/MSP_EXP432P401R/demos/tida_01575_serial/tirtos/iar/SysConfig_Generated_Files.ipcf

TypeError: Path must be a string. Received undefined
In project: examples/rtos/MSP_EXP432P401R/demos/tida_01575_serial/tirtos/iar/SysConfig_Generated_Files.ipcf

Unable to parse files
In project: examples/rtos/MSP_EXP432P401R/demos/tida_01575_serial/tirtos/iar/tida_01575_serial_MSP_EXP432P401R_tirtos_iar.ipcf

Unable to parse files
In project: examples/rtos/MSP_EXP432P401R/drivers/adcbufcontinuous/freertos/iar/SysConfig_Generated_Files.ipcf

TypeError: Path must be a string. Received undefined
In project: examples/rtos/MSP_EXP432P401R/drivers/adcbufcontinuous/freertos/iar/SysConfig_Generated_Files.ipcf

Unable to parse files
In project: examples/rtos/MSP_EXP432P401R/drivers/adcbufcontinuous/freertos/iar/adcbufcontinuous_MSP_EXP432P401R_freertos_iar.ipcf

Unable to parse files
In project: examples/rtos/MSP_EXP432P401R/drivers/adcbufcontinuous/tirtos/iar/SysConfig_Generated_Files.ipcf

TypeError: Path must be a string. Received undefined
In project: examples/rtos/MSP_EXP432P401R/drivers/adcbufcontinuous/tirtos/iar/SysConfig_Generated_Files.ipcf

Unable to parse files
In project: examples/rtos/MSP_EXP432P401R/drivers/adcbufcontinuous/tirtos/iar/adcbufcontinuous_MSP_EXP432P401R_tirtos_iar.ipcf

Unable to parse files
In project: examples/rtos/MSP_EXP432P401R/drivers/adcbufdifferential/freertos/iar/SysConfig_Generated_Files.ipcf

TypeError: Path must be a string. Received undefined
In project: examples/rtos/MSP_EXP432P401R/drivers/adcbufdifferential/freertos/iar/SysConfig_Generated_Files.ipcf

Unable to parse files
In project: examples/rtos/MSP_EXP432P401R/drivers/adcbufdifferential/freertos/iar/adcbufdifferential_MSP_EXP432P401R_freertos_iar.ipcf

Unable to parse files
In project: examples/rtos/MSP_EXP432P401R/drivers/adcbufdifferential/tirtos/iar/SysConfig_Generated_Files.ipcf

TypeError: Path must be a string. Received undefined
In project: examples/rtos/MSP_EXP432P401R/drivers/adcbufdifferential/tirtos/iar/SysConfig_Generated_Files.ipcf

Unable to parse files
In project: examples/rtos/MSP_EXP432P401R/drivers/adcbufdifferential/tirtos/iar/adcbufdifferential_MSP_EXP432P401R_tirtos_iar.ipcf

Unable to parse files
In project: examples/rtos/MSP_EXP432P401R/drivers/adcbufmultichannel/freertos/iar/SysConfig_Generated_Files.ipcf

TypeError: Path must be a string. Received undefined
In project: examples/rtos/MSP_EXP432P401R/drivers/adcbufmultichannel/freertos/iar/SysConfig_Generated_Files.ipcf

Unable to parse files
In project: examples/rtos/MSP_EXP432P401R/drivers/adcbufmultichannel/freertos/iar/adcbufmultichannel_MSP_EXP432P401R_freertos_iar.ipcf

Unable to parse files
In project: examples/rtos/MSP_EXP432P401R/drivers/adcbufmultichannel/tirtos/iar/SysConfig_Generated_Files.ipcf

TypeError: Path must be a string. Received undefined
In project: examples/rtos/MSP_EXP432P401R/drivers/adcbufmultichannel/tirtos/iar/SysConfig_Generated_Files.ipcf

Unable to parse files
In project: examples/rtos/MSP_EXP432P401R/drivers/adcbufmultichannel/tirtos/iar/adcbufmultichannel_MSP_EXP432P401R_tirtos_iar.ipcf

Unable to parse files
In project: examples/rtos/MSP_EXP432P401R/drivers/adcbuftemperature/freertos/iar/SysConfig_Generated_Files.ipcf

TypeError: Path must be a string. Received undefined
In project: examples/rtos/MSP_EXP432P401R/drivers/adcbuftemperature/freertos/iar/SysConfig_Generated_Files.ipcf

Unable to parse files
In project: examples/rtos/MSP_EXP432P401R/drivers/adcbuftemperature/freertos/iar/adcbuftemperature_MSP_EXP432P401R_freertos_iar.ipcf

Unable to parse files
In project: examples/rtos/MSP_EXP432P401R/drivers/adcbuftemperature/tirtos/iar/SysConfig_Generated_Files.ipcf

TypeError: Path must be a string. Received undefined
In project: examples/rtos/MSP_EXP432P401R/drivers/adcbuftemperature/tirtos/iar/SysConfig_Generated_Files.ipcf

Unable to parse files
In project: examples/rtos/MSP_EXP432P401R/drivers/adcbuftemperature/tirtos/iar/adcbuftemperature_MSP_EXP432P401R_tirtos_iar.ipcf

Unable to parse files
In project: examples/rtos/MSP_EXP432P401R/drivers/adcsinglechannel/freertos/iar/SysConfig_Generated_Files.ipcf

TypeError: Path must be a string. Received undefined
In project: examples/rtos/MSP_EXP432P401R/drivers/adcsinglechannel/freertos/iar/SysConfig_Generated_Files.ipcf

Unable to parse files
In project: examples/rtos/MSP_EXP432P401R/drivers/adcsinglechannel/freertos/iar/adcsinglechannel_MSP_EXP432P401R_freertos_iar.ipcf

Unable to parse files
In project: examples/rtos/MSP_EXP432P401R/drivers/adcsinglechannel/tirtos/iar/SysConfig_Generated_Files.ipcf

TypeError: Path must be a string. Received undefined
In project: examples/rtos/MSP_EXP432P401R/drivers/adcsinglechannel/tirtos/iar/SysConfig_Generated_Files.ipcf

Unable to parse files
In project: examples/rtos/MSP_EXP432P401R/drivers/adcsinglechannel/tirtos/iar/adcsinglechannel_MSP_EXP432P401R_tirtos_iar.ipcf

Unable to parse files
In project: examples/rtos/MSP_EXP432P401R/drivers/buttonled/freertos/iar/SysConfig_Generated_Files.ipcf

TypeError: Path must be a string. Received undefined
In project: examples/rtos/MSP_EXP432P401R/drivers/buttonled/freertos/iar/SysConfig_Generated_Files.ipcf

Unable to parse files
In project: examples/rtos/MSP_EXP432P401R/drivers/buttonled/freertos/iar/buttonled_MSP_EXP432P401R_freertos_iar.ipcf

Unable to parse files
In project: examples/rtos/MSP_EXP432P401R/drivers/buttonled/tirtos/iar/SysConfig_Generated_Files.ipcf

TypeError: Path must be a string. Received undefined
In project: examples/rtos/MSP_EXP432P401R/drivers/buttonled/tirtos/iar/SysConfig_Generated_Files.ipcf

Unable to parse files
In project: examples/rtos/MSP_EXP432P401R/drivers/buttonled/tirtos/iar/buttonled_MSP_EXP432P401R_tirtos_iar.ipcf

Unable to parse files
In project: examples/rtos/MSP_EXP432P401R/drivers/capturepwmdisplay/freertos/iar/SysConfig_Generated_Files.ipcf

TypeError: Path must be a string. Received undefined
In project: examples/rtos/MSP_EXP432P401R/drivers/capturepwmdisplay/freertos/iar/SysConfig_Generated_Files.ipcf

Unable to parse files
In project: examples/rtos/MSP_EXP432P401R/drivers/capturepwmdisplay/freertos/iar/capturepwmdisplay_MSP_EXP432P401R_freertos_iar.ipcf

Unable to parse files
In project: examples/rtos/MSP_EXP432P401R/drivers/capturepwmdisplay/tirtos/iar/SysConfig_Generated_Files.ipcf

TypeError: Path must be a string. Received undefined
In project: examples/rtos/MSP_EXP432P401R/drivers/capturepwmdisplay/tirtos/iar/SysConfig_Generated_Files.ipcf

Unable to parse files
In project: examples/rtos/MSP_EXP432P401R/drivers/capturepwmdisplay/tirtos/iar/capturepwmdisplay_MSP_EXP432P401R_tirtos_iar.ipcf

Unable to parse files
In project: examples/rtos/MSP_EXP432P401R/drivers/display/freertos/iar/SysConfig_Generated_Files.ipcf

TypeError: Path must be a string. Received undefined
In project: examples/rtos/MSP_EXP432P401R/drivers/display/freertos/iar/SysConfig_Generated_Files.ipcf

Unable to parse files
In project: examples/rtos/MSP_EXP432P401R/drivers/display/freertos/iar/display_MSP_EXP432P401R_freertos_iar.ipcf

Unable to parse files
In project: examples/rtos/MSP_EXP432P401R/drivers/display/tirtos/iar/SysConfig_Generated_Files.ipcf

TypeError: Path must be a string. Received undefined
In project: examples/rtos/MSP_EXP432P401R/drivers/display/tirtos/iar/SysConfig_Generated_Files.ipcf

Unable to parse files
In project: examples/rtos/MSP_EXP432P401R/drivers/display/tirtos/iar/display_MSP_EXP432P401R_tirtos_iar.ipcf

Unable to parse files
In project: examples/rtos/MSP_EXP432P401R/drivers/empty/freertos/iar/SysConfig_Generated_Files.ipcf

TypeError: Path must be a string. Received undefined
In project: examples/rtos/MSP_EXP432P401R/drivers/empty/freertos/iar/SysConfig_Generated_Files.ipcf

Unable to parse files
In project: examples/rtos/MSP_EXP432P401R/drivers/empty/freertos/iar/empty_MSP_EXP432P401R_freertos_iar.ipcf

Unable to parse files
In project: examples/rtos/MSP_EXP432P401R/drivers/empty/tirtos/iar/SysConfig_Generated_Files.ipcf

TypeError: Path must be a string. Received undefined
In project: examples/rtos/MSP_EXP432P401R/drivers/empty/tirtos/iar/SysConfig_Generated_Files.ipcf

Unable to parse files
In project: examples/rtos/MSP_EXP432P401R/drivers/empty/tirtos/iar/empty_MSP_EXP432P401R_tirtos_iar.ipcf

Unable to parse files
In project: examples/rtos/MSP_EXP432P401R/drivers/empty_legacy/freertos/iar/empty_legacy_MSP_EXP432P401R_freertos_iar.ipcf

Unable to parse files
In project: examples/rtos/MSP_EXP432P401R/drivers/empty_legacy/tirtos/iar/empty_legacy_MSP_EXP432P401R_tirtos_iar.ipcf

Unable to parse files
In project: examples/rtos/MSP_EXP432P401R/drivers/fatsdraw/freertos/iar/SysConfig_Generated_Files.ipcf

TypeError: Path must be a string. Received undefined
In project: examples/rtos/MSP_EXP432P401R/drivers/fatsdraw/freertos/iar/SysConfig_Generated_Files.ipcf

Unable to parse files
In project: examples/rtos/MSP_EXP432P401R/drivers/fatsdraw/freertos/iar/fatsdraw_MSP_EXP432P401R_freertos_iar.ipcf

Unable to parse files
In project: examples/rtos/MSP_EXP432P401R/drivers/fatsdraw/tirtos/iar/SysConfig_Generated_Files.ipcf

TypeError: Path must be a string. Received undefined
In project: examples/rtos/MSP_EXP432P401R/drivers/fatsdraw/tirtos/iar/SysConfig_Generated_Files.ipcf

Unable to parse files
In project: examples/rtos/MSP_EXP432P401R/drivers/fatsdraw/tirtos/iar/fatsdraw_MSP_EXP432P401R_tirtos_iar.ipcf

Unable to parse files
In project: examples/rtos/MSP_EXP432P401R/drivers/gpiointerrupt/freertos/iar/SysConfig_Generated_Files.ipcf

TypeError: Path must be a string. Received undefined
In project: examples/rtos/MSP_EXP432P401R/drivers/gpiointerrupt/freertos/iar/SysConfig_Generated_Files.ipcf

Unable to parse files
In project: examples/rtos/MSP_EXP432P401R/drivers/gpiointerrupt/freertos/iar/gpiointerrupt_MSP_EXP432P401R_freertos_iar.ipcf

Unable to parse files
In project: examples/rtos/MSP_EXP432P401R/drivers/gpiointerrupt/tirtos/iar/SysConfig_Generated_Files.ipcf

TypeError: Path must be a string. Received undefined
In project: examples/rtos/MSP_EXP432P401R/drivers/gpiointerrupt/tirtos/iar/SysConfig_Generated_Files.ipcf

Unable to parse files
In project: examples/rtos/MSP_EXP432P401R/drivers/gpiointerrupt/tirtos/iar/gpiointerrupt_MSP_EXP432P401R_tirtos_iar.ipcf

Unable to parse files
In project: examples/rtos/MSP_EXP432P401R/drivers/i2cmasterexample1/freertos/iar/SysConfig_Generated_Files.ipcf

TypeError: Path must be a string. Received undefined
In project: examples/rtos/MSP_EXP432P401R/drivers/i2cmasterexample1/freertos/iar/SysConfig_Generated_Files.ipcf

Unable to parse files
In project: examples/rtos/MSP_EXP432P401R/drivers/i2cmasterexample1/freertos/iar/i2cmasterexample1_MSP_EXP432P401R_freertos_iar.ipcf

Unable to parse files
In project: examples/rtos/MSP_EXP432P401R/drivers/i2cmasterexample1/tirtos/iar/SysConfig_Generated_Files.ipcf

TypeError: Path must be a string. Received undefined
In project: examples/rtos/MSP_EXP432P401R/drivers/i2cmasterexample1/tirtos/iar/SysConfig_Generated_Files.ipcf

Unable to parse files
In project: examples/rtos/MSP_EXP432P401R/drivers/i2cmasterexample1/tirtos/iar/i2cmasterexample1_MSP_EXP432P401R_tirtos_iar.ipcf

Unable to parse files
In project: examples/rtos/MSP_EXP432P401R/drivers/i2cslaveexample1/freertos/iar/SysConfig_Generated_Files.ipcf

TypeError: Path must be a string. Received undefined
In project: examples/rtos/MSP_EXP432P401R/drivers/i2cslaveexample1/freertos/iar/SysConfig_Generated_Files.ipcf

Unable to parse files
In project: examples/rtos/MSP_EXP432P401R/drivers/i2cslaveexample1/freertos/iar/i2cslaveexample1_MSP_EXP432P401R_freertos_iar.ipcf

Unable to parse files
In project: examples/rtos/MSP_EXP432P401R/drivers/i2cslaveexample1/tirtos/iar/SysConfig_Generated_Files.ipcf

TypeError: Path must be a string. Received undefined
In project: examples/rtos/MSP_EXP432P401R/drivers/i2cslaveexample1/tirtos/iar/SysConfig_Generated_Files.ipcf

Unable to parse files
In project: examples/rtos/MSP_EXP432P401R/drivers/i2cslaveexample1/tirtos/iar/i2cslaveexample1_MSP_EXP432P401R_tirtos_iar.ipcf

Unable to parse files
In project: examples/rtos/MSP_EXP432P401R/drivers/i2ctmp/freertos/iar/SysConfig_Generated_Files.ipcf

TypeError: Path must be a string. Received undefined
In project: examples/rtos/MSP_EXP432P401R/drivers/i2ctmp/freertos/iar/SysConfig_Generated_Files.ipcf

Unable to parse files
In project: examples/rtos/MSP_EXP432P401R/drivers/i2ctmp/freertos/iar/i2ctmp_MSP_EXP432P401R_freertos_iar.ipcf

Unable to parse files
In project: examples/rtos/MSP_EXP432P401R/drivers/i2ctmp/tirtos/iar/SysConfig_Generated_Files.ipcf

TypeError: Path must be a string. Received undefined
In project: examples/rtos/MSP_EXP432P401R/drivers/i2ctmp/tirtos/iar/SysConfig_Generated_Files.ipcf

Unable to parse files
In project: examples/rtos/MSP_EXP432P401R/drivers/i2ctmp/tirtos/iar/i2ctmp_MSP_EXP432P401R_tirtos_iar.ipcf

Unable to parse files
In project: examples/rtos/MSP_EXP432P401R/drivers/nvsinternal/freertos/iar/SysConfig_Generated_Files.ipcf

TypeError: Path must be a string. Received undefined
In project: examples/rtos/MSP_EXP432P401R/drivers/nvsinternal/freertos/iar/SysConfig_Generated_Files.ipcf

Unable to parse files
In project: examples/rtos/MSP_EXP432P401R/drivers/nvsinternal/freertos/iar/nvsinternal_MSP_EXP432P401R_freertos_iar.ipcf

Unable to parse files
In project: examples/rtos/MSP_EXP432P401R/drivers/nvsinternal/tirtos/iar/SysConfig_Generated_Files.ipcf

TypeError: Path must be a string. Received undefined
In project: examples/rtos/MSP_EXP432P401R/drivers/nvsinternal/tirtos/iar/SysConfig_Generated_Files.ipcf

Unable to parse files
In project: examples/rtos/MSP_EXP432P401R/drivers/nvsinternal/tirtos/iar/nvsinternal_MSP_EXP432P401R_tirtos_iar.ipcf

Unable to parse files
In project: examples/rtos/MSP_EXP432P401R/drivers/powerdeepsleep/freertos/iar/SysConfig_Generated_Files.ipcf

TypeError: Path must be a string. Received undefined
In project: examples/rtos/MSP_EXP432P401R/drivers/powerdeepsleep/freertos/iar/SysConfig_Generated_Files.ipcf

Unable to parse files
In project: examples/rtos/MSP_EXP432P401R/drivers/powerdeepsleep/freertos/iar/powerdeepsleep_MSP_EXP432P401R_freertos_iar.ipcf

Unable to parse files
In project: examples/rtos/MSP_EXP432P401R/drivers/powerdeepsleep/tirtos/iar/SysConfig_Generated_Files.ipcf

TypeError: Path must be a string. Received undefined
In project: examples/rtos/MSP_EXP432P401R/drivers/powerdeepsleep/tirtos/iar/SysConfig_Generated_Files.ipcf

Unable to parse files
In project: examples/rtos/MSP_EXP432P401R/drivers/powerdeepsleep/tirtos/iar/powerdeepsleep_MSP_EXP432P401R_tirtos_iar.ipcf

Unable to parse files
In project: examples/rtos/MSP_EXP432P401R/drivers/powerperformance/freertos/iar/SysConfig_Generated_Files.ipcf

TypeError: Path must be a string. Received undefined
In project: examples/rtos/MSP_EXP432P401R/drivers/powerperformance/freertos/iar/SysConfig_Generated_Files.ipcf

Unable to parse files
In project: examples/rtos/MSP_EXP432P401R/drivers/powerperformance/freertos/iar/powerperformance_MSP_EXP432P401R_freertos_iar.ipcf

Unable to parse files
In project: examples/rtos/MSP_EXP432P401R/drivers/powerperformance/tirtos/iar/SysConfig_Generated_Files.ipcf

TypeError: Path must be a string. Received undefined
In project: examples/rtos/MSP_EXP432P401R/drivers/powerperformance/tirtos/iar/SysConfig_Generated_Files.ipcf

Unable to parse files
In project: examples/rtos/MSP_EXP432P401R/drivers/powerperformance/tirtos/iar/powerperformance_MSP_EXP432P401R_tirtos_iar.ipcf

Unable to parse files
In project: examples/rtos/MSP_EXP432P401R/drivers/powershutdown/freertos/iar/SysConfig_Generated_Files.ipcf

TypeError: Path must be a string. Received undefined
In project: examples/rtos/MSP_EXP432P401R/drivers/powershutdown/freertos/iar/SysConfig_Generated_Files.ipcf

Unable to parse files
In project: examples/rtos/MSP_EXP432P401R/drivers/powershutdown/freertos/iar/powershutdown_MSP_EXP432P401R_freertos_iar.ipcf

Unable to parse files
In project: examples/rtos/MSP_EXP432P401R/drivers/powershutdown/tirtos/iar/SysConfig_Generated_Files.ipcf

TypeError: Path must be a string. Received undefined
In project: examples/rtos/MSP_EXP432P401R/drivers/powershutdown/tirtos/iar/SysConfig_Generated_Files.ipcf

Unable to parse files
In project: examples/rtos/MSP_EXP432P401R/drivers/powershutdown/tirtos/iar/powershutdown_MSP_EXP432P401R_tirtos_iar.ipcf

Unable to parse files
In project: examples/rtos/MSP_EXP432P401R/drivers/powersleep/freertos/iar/SysConfig_Generated_Files.ipcf

TypeError: Path must be a string. Received undefined
In project: examples/rtos/MSP_EXP432P401R/drivers/powersleep/freertos/iar/SysConfig_Generated_Files.ipcf

Unable to parse files
In project: examples/rtos/MSP_EXP432P401R/drivers/powersleep/freertos/iar/powersleep_MSP_EXP432P401R_freertos_iar.ipcf

Unable to parse files
In project: examples/rtos/MSP_EXP432P401R/drivers/powersleep/tirtos/iar/SysConfig_Generated_Files.ipcf

TypeError: Path must be a string. Received undefined
In project: examples/rtos/MSP_EXP432P401R/drivers/powersleep/tirtos/iar/SysConfig_Generated_Files.ipcf

Unable to parse files
In project: examples/rtos/MSP_EXP432P401R/drivers/powersleep/tirtos/iar/powersleep_MSP_EXP432P401R_tirtos_iar.ipcf

Unable to parse files
In project: examples/rtos/MSP_EXP432P401R/drivers/pwmled2/freertos/iar/SysConfig_Generated_Files.ipcf

TypeError: Path must be a string. Received undefined
In project: examples/rtos/MSP_EXP432P401R/drivers/pwmled2/freertos/iar/SysConfig_Generated_Files.ipcf

Unable to parse files
In project: examples/rtos/MSP_EXP432P401R/drivers/pwmled2/freertos/iar/pwmled2_MSP_EXP432P401R_freertos_iar.ipcf

Unable to parse files
In project: examples/rtos/MSP_EXP432P401R/drivers/pwmled2/tirtos/iar/SysConfig_Generated_Files.ipcf

TypeError: Path must be a string. Received undefined
In project: examples/rtos/MSP_EXP432P401R/drivers/pwmled2/tirtos/iar/SysConfig_Generated_Files.ipcf

Unable to parse files
In project: examples/rtos/MSP_EXP432P401R/drivers/pwmled2/tirtos/iar/pwmled2_MSP_EXP432P401R_tirtos_iar.ipcf

Unable to parse files
In project: examples/rtos/MSP_EXP432P401R/drivers/sdraw/freertos/iar/SysConfig_Generated_Files.ipcf

TypeError: Path must be a string. Received undefined
In project: examples/rtos/MSP_EXP432P401R/drivers/sdraw/freertos/iar/SysConfig_Generated_Files.ipcf

Unable to parse files
In project: examples/rtos/MSP_EXP432P401R/drivers/sdraw/freertos/iar/sdraw_MSP_EXP432P401R_freertos_iar.ipcf

Unable to parse files
In project: examples/rtos/MSP_EXP432P401R/drivers/sdraw/tirtos/iar/SysConfig_Generated_Files.ipcf

TypeError: Path must be a string. Received undefined
In project: examples/rtos/MSP_EXP432P401R/drivers/sdraw/tirtos/iar/SysConfig_Generated_Files.ipcf

Unable to parse files
In project: examples/rtos/MSP_EXP432P401R/drivers/sdraw/tirtos/iar/sdraw_MSP_EXP432P401R_tirtos_iar.ipcf

Unable to parse files
In project: examples/rtos/MSP_EXP432P401R/drivers/spiffsinternal/freertos/iar/SysConfig_Generated_Files.ipcf

TypeError: Path must be a string. Received undefined
In project: examples/rtos/MSP_EXP432P401R/drivers/spiffsinternal/freertos/iar/SysConfig_Generated_Files.ipcf

Unable to parse files
In project: examples/rtos/MSP_EXP432P401R/drivers/spiffsinternal/tirtos/iar/SysConfig_Generated_Files.ipcf

TypeError: Path must be a string. Received undefined
In project: examples/rtos/MSP_EXP432P401R/drivers/spiffsinternal/tirtos/iar/SysConfig_Generated_Files.ipcf

Unable to parse files
In project: examples/rtos/MSP_EXP432P401R/drivers/spiloopback/freertos/iar/SysConfig_Generated_Files.ipcf

TypeError: Path must be a string. Received undefined
In project: examples/rtos/MSP_EXP432P401R/drivers/spiloopback/freertos/iar/SysConfig_Generated_Files.ipcf

Unable to parse files
In project: examples/rtos/MSP_EXP432P401R/drivers/spiloopback/freertos/iar/spiloopback_MSP_EXP432P401R_freertos_iar.ipcf

Unable to parse files
In project: examples/rtos/MSP_EXP432P401R/drivers/spiloopback/tirtos/iar/SysConfig_Generated_Files.ipcf

TypeError: Path must be a string. Received undefined
In project: examples/rtos/MSP_EXP432P401R/drivers/spiloopback/tirtos/iar/SysConfig_Generated_Files.ipcf

Unable to parse files
In project: examples/rtos/MSP_EXP432P401R/drivers/spiloopback/tirtos/iar/spiloopback_MSP_EXP432P401R_tirtos_iar.ipcf

Unable to parse files
In project: examples/rtos/MSP_EXP432P401R/drivers/spimaster/freertos/iar/SysConfig_Generated_Files.ipcf

TypeError: Path must be a string. Received undefined
In project: examples/rtos/MSP_EXP432P401R/drivers/spimaster/freertos/iar/SysConfig_Generated_Files.ipcf

Unable to parse files
In project: examples/rtos/MSP_EXP432P401R/drivers/spimaster/freertos/iar/spimaster_MSP_EXP432P401R_freertos_iar.ipcf

Unable to parse files
In project: examples/rtos/MSP_EXP432P401R/drivers/spimaster/tirtos/iar/SysConfig_Generated_Files.ipcf

TypeError: Path must be a string. Received undefined
In project: examples/rtos/MSP_EXP432P401R/drivers/spimaster/tirtos/iar/SysConfig_Generated_Files.ipcf

Unable to parse files
In project: examples/rtos/MSP_EXP432P401R/drivers/spimaster/tirtos/iar/spimaster_MSP_EXP432P401R_tirtos_iar.ipcf

Unable to parse files
In project: examples/rtos/MSP_EXP432P401R/drivers/spislave/freertos/iar/SysConfig_Generated_Files.ipcf

TypeError: Path must be a string. Received undefined
In project: examples/rtos/MSP_EXP432P401R/drivers/spislave/freertos/iar/SysConfig_Generated_Files.ipcf

Unable to parse files
In project: examples/rtos/MSP_EXP432P401R/drivers/spislave/freertos/iar/spislave_MSP_EXP432P401R_freertos_iar.ipcf

Unable to parse files
In project: examples/rtos/MSP_EXP432P401R/drivers/spislave/tirtos/iar/SysConfig_Generated_Files.ipcf

TypeError: Path must be a string. Received undefined
In project: examples/rtos/MSP_EXP432P401R/drivers/spislave/tirtos/iar/SysConfig_Generated_Files.ipcf

Unable to parse files
In project: examples/rtos/MSP_EXP432P401R/drivers/spislave/tirtos/iar/spislave_MSP_EXP432P401R_tirtos_iar.ipcf

Unable to parse files
In project: examples/rtos/MSP_EXP432P401R/drivers/timerled/freertos/iar/SysConfig_Generated_Files.ipcf

TypeError: Path must be a string. Received undefined
In project: examples/rtos/MSP_EXP432P401R/drivers/timerled/freertos/iar/SysConfig_Generated_Files.ipcf

Unable to parse files
In project: examples/rtos/MSP_EXP432P401R/drivers/timerled/freertos/iar/timerled_MSP_EXP432P401R_freertos_iar.ipcf

Unable to parse files
In project: examples/rtos/MSP_EXP432P401R/drivers/timerled/tirtos/iar/SysConfig_Generated_Files.ipcf

TypeError: Path must be a string. Received undefined
In project: examples/rtos/MSP_EXP432P401R/drivers/timerled/tirtos/iar/SysConfig_Generated_Files.ipcf

Unable to parse files
In project: examples/rtos/MSP_EXP432P401R/drivers/timerled/tirtos/iar/timerled_MSP_EXP432P401R_tirtos_iar.ipcf

Unable to parse files
In project: examples/rtos/MSP_EXP432P401R/drivers/uartecho/freertos/iar/SysConfig_Generated_Files.ipcf

TypeError: Path must be a string. Received undefined
In project: examples/rtos/MSP_EXP432P401R/drivers/uartecho/freertos/iar/SysConfig_Generated_Files.ipcf

Unable to parse files
In project: examples/rtos/MSP_EXP432P401R/drivers/uartecho/freertos/iar/uartecho_MSP_EXP432P401R_freertos_iar.ipcf

Unable to parse files
In project: examples/rtos/MSP_EXP432P401R/drivers/uartecho/tirtos/iar/SysConfig_Generated_Files.ipcf

TypeError: Path must be a string. Received undefined
In project: examples/rtos/MSP_EXP432P401R/drivers/uartecho/tirtos/iar/SysConfig_Generated_Files.ipcf

Unable to parse files
In project: examples/rtos/MSP_EXP432P401R/drivers/uartecho/tirtos/iar/uartecho_MSP_EXP432P401R_tirtos_iar.ipcf

Unable to parse files
In project: examples/rtos/MSP_EXP432P401R/drivers/watchdog/freertos/iar/SysConfig_Generated_Files.ipcf

TypeError: Path must be a string. Received undefined
In project: examples/rtos/MSP_EXP432P401R/drivers/watchdog/freertos/iar/SysConfig_Generated_Files.ipcf

Unable to parse files
In project: examples/rtos/MSP_EXP432P401R/drivers/watchdog/freertos/iar/watchdog_MSP_EXP432P401R_freertos_iar.ipcf

Unable to parse files
In project: examples/rtos/MSP_EXP432P401R/drivers/watchdog/tirtos/iar/SysConfig_Generated_Files.ipcf

TypeError: Path must be a string. Received undefined
In project: examples/rtos/MSP_EXP432P401R/drivers/watchdog/tirtos/iar/SysConfig_Generated_Files.ipcf

Unable to parse files
In project: examples/rtos/MSP_EXP432P401R/drivers/watchdog/tirtos/iar/watchdog_MSP_EXP432P401R_tirtos_iar.ipcf

Unable to parse files
In project: examples/rtos/MSP_EXP432P401R/lz4/lz4_data_logging/freertos/iar/lz4_data_logging_MSP_EXP432P401R_freertos_iar.ipcf

Unable to parse files
In project: examples/rtos/MSP_EXP432P401R/lz4/lz4_data_logging/tirtos/iar/lz4_data_logging_MSP_EXP432P401R_tirtos_iar.ipcf

Unable to parse files
In project: examples/rtos/MSP_EXP432P401R/sysbios/benchloop/tirtos/iar/SysConfig_Generated_Files.ipcf

TypeError: Path must be a string. Received undefined
In project: examples/rtos/MSP_EXP432P401R/sysbios/benchloop/tirtos/iar/SysConfig_Generated_Files.ipcf

Unable to parse files
In project: examples/rtos/MSP_EXP432P401R/sysbios/benchloop/tirtos/iar/benchloop_MSP_EXP432P401R_tirtos_iar.ipcf

Unable to parse files
In project: examples/rtos/MSP_EXP432P401R/sysbios/clock/tirtos/iar/SysConfig_Generated_Files.ipcf

TypeError: Path must be a string. Received undefined
In project: examples/rtos/MSP_EXP432P401R/sysbios/clock/tirtos/iar/SysConfig_Generated_Files.ipcf

Unable to parse files
In project: examples/rtos/MSP_EXP432P401R/sysbios/clock/tirtos/iar/clock_MSP_EXP432P401R_tirtos_iar.ipcf

Unable to parse files
In project: examples/rtos/MSP_EXP432P401R/sysbios/error/tirtos/iar/SysConfig_Generated_Files.ipcf

TypeError: Path must be a string. Received undefined
In project: examples/rtos/MSP_EXP432P401R/sysbios/error/tirtos/iar/SysConfig_Generated_Files.ipcf

Unable to parse files
In project: examples/rtos/MSP_EXP432P401R/sysbios/error/tirtos/iar/error_MSP_EXP432P401R_tirtos_iar.ipcf

Unable to parse files
In project: examples/rtos/MSP_EXP432P401R/sysbios/event/tirtos/iar/SysConfig_Generated_Files.ipcf

TypeError: Path must be a string. Received undefined
In project: examples/rtos/MSP_EXP432P401R/sysbios/event/tirtos/iar/SysConfig_Generated_Files.ipcf

Unable to parse files
In project: examples/rtos/MSP_EXP432P401R/sysbios/event/tirtos/iar/event_MSP_EXP432P401R_tirtos_iar.ipcf

Unable to parse files
In project: examples/rtos/MSP_EXP432P401R/sysbios/hello/tirtos/iar/SysConfig_Generated_Files.ipcf

TypeError: Path must be a string. Received undefined
In project: examples/rtos/MSP_EXP432P401R/sysbios/hello/tirtos/iar/SysConfig_Generated_Files.ipcf

Unable to parse files
In project: examples/rtos/MSP_EXP432P401R/sysbios/hello/tirtos/iar/hello_MSP_EXP432P401R_tirtos_iar.ipcf

Unable to parse files
In project: examples/rtos/MSP_EXP432P401R/sysbios/mailbox/tirtos/iar/SysConfig_Generated_Files.ipcf

TypeError: Path must be a string. Received undefined
In project: examples/rtos/MSP_EXP432P401R/sysbios/mailbox/tirtos/iar/SysConfig_Generated_Files.ipcf

Unable to parse files
In project: examples/rtos/MSP_EXP432P401R/sysbios/mailbox/tirtos/iar/mailbox_MSP_EXP432P401R_tirtos_iar.ipcf

Unable to parse files
In project: examples/rtos/MSP_EXP432P401R/sysbios/memory/tirtos/iar/SysConfig_Generated_Files.ipcf

TypeError: Path must be a string. Received undefined
In project: examples/rtos/MSP_EXP432P401R/sysbios/memory/tirtos/iar/SysConfig_Generated_Files.ipcf

Unable to parse files
In project: examples/rtos/MSP_EXP432P401R/sysbios/memory/tirtos/iar/memory_MSP_EXP432P401R_tirtos_iar.ipcf

Unable to parse files
In project: examples/rtos/MSP_EXP432P401R/sysbios/mutex/tirtos/iar/SysConfig_Generated_Files.ipcf

TypeError: Path must be a string. Received undefined
In project: examples/rtos/MSP_EXP432P401R/sysbios/mutex/tirtos/iar/SysConfig_Generated_Files.ipcf

Unable to parse files
In project: examples/rtos/MSP_EXP432P401R/sysbios/mutex/tirtos/iar/mutex_MSP_EXP432P401R_tirtos_iar.ipcf

Unable to parse files
In project: examples/rtos/MSP_EXP432P401R/sysbios/swi/tirtos/iar/SysConfig_Generated_Files.ipcf

TypeError: Path must be a string. Received undefined
In project: examples/rtos/MSP_EXP432P401R/sysbios/swi/tirtos/iar/SysConfig_Generated_Files.ipcf

Unable to parse files
In project: examples/rtos/MSP_EXP432P401R/sysbios/swi/tirtos/iar/swi_MSP_EXP432P401R_tirtos_iar.ipcf

Unable to parse files
In project: examples/rtos/MSP_EXP432P401R/tiutils/json/freertos/iar/SysConfig_Generated_Files.ipcf

TypeError: Path must be a string. Received undefined
In project: examples/rtos/MSP_EXP432P401R/tiutils/json/freertos/iar/SysConfig_Generated_Files.ipcf

Unable to parse files
In project: examples/rtos/MSP_EXP432P401R/tiutils/json/freertos/iar/json_MSP_EXP432P401R_freertos_iar.ipcf

Unable to parse files
In project: examples/rtos/MSP_EXP432P401R/tiutils/json/tirtos/iar/SysConfig_Generated_Files.ipcf

TypeError: Path must be a string. Received undefined
In project: examples/rtos/MSP_EXP432P401R/tiutils/json/tirtos/iar/SysConfig_Generated_Files.ipcf

Unable to parse files
In project: examples/rtos/MSP_EXP432P401R/tiutils/json/tirtos/iar/json_MSP_EXP432P401R_tirtos_iar.ipcf

Unable to parse files
In project: examples/rtos/MSP_EXP432P4111/demos/outofbox_msp432p4111/freertos/iar/SysConfig_Generated_Files.ipcf

TypeError: Path must be a string. Received undefined
In project: examples/rtos/MSP_EXP432P4111/demos/outofbox_msp432p4111/freertos/iar/SysConfig_Generated_Files.ipcf

Unable to parse files
In project: examples/rtos/MSP_EXP432P4111/demos/outofbox_msp432p4111/tirtos/iar/SysConfig_Generated_Files.ipcf

TypeError: Path must be a string. Received undefined
In project: examples/rtos/MSP_EXP432P4111/demos/outofbox_msp432p4111/tirtos/iar/SysConfig_Generated_Files.ipcf

Unable to parse files
In project: examples/rtos/MSP_EXP432P4111/demos/portable/freertos/iar/SysConfig_Generated_Files.ipcf

TypeError: Path must be a string. Received undefined
In project: examples/rtos/MSP_EXP432P4111/demos/portable/freertos/iar/SysConfig_Generated_Files.ipcf

Unable to parse files
In project: examples/rtos/MSP_EXP432P4111/demos/portable/freertos/iar/portable_MSP_EXP432P4111_freertos_iar.ipcf

Unable to parse files
In project: examples/rtos/MSP_EXP432P4111/demos/portable/tirtos/iar/SysConfig_Generated_Files.ipcf

TypeError: Path must be a string. Received undefined
In project: examples/rtos/MSP_EXP432P4111/demos/portable/tirtos/iar/SysConfig_Generated_Files.ipcf

Unable to parse files
In project: examples/rtos/MSP_EXP432P4111/demos/portable/tirtos/iar/portable_MSP_EXP432P4111_tirtos_iar.ipcf

Unable to parse files
In project: examples/rtos/MSP_EXP432P4111/demos/portableNative/freertos/iar/SysConfig_Generated_Files.ipcf

TypeError: Path must be a string. Received undefined
In project: examples/rtos/MSP_EXP432P4111/demos/portableNative/freertos/iar/SysConfig_Generated_Files.ipcf

Unable to parse files
In project: examples/rtos/MSP_EXP432P4111/demos/portableNative/tirtos/iar/SysConfig_Generated_Files.ipcf

TypeError: Path must be a string. Received undefined
In project: examples/rtos/MSP_EXP432P4111/demos/portableNative/tirtos/iar/SysConfig_Generated_Files.ipcf

Unable to parse files
In project: examples/rtos/MSP_EXP432P4111/demos/tida_01575_serial/freertos/iar/SysConfig_Generated_Files.ipcf

TypeError: Path must be a string. Received undefined
In project: examples/rtos/MSP_EXP432P4111/demos/tida_01575_serial/freertos/iar/SysConfig_Generated_Files.ipcf

Unable to parse files
In project: examples/rtos/MSP_EXP432P4111/demos/tida_01575_serial/freertos/iar/tida_01575_serial_MSP_EXP432P4111_freertos_iar.ipcf

Unable to parse files
In project: examples/rtos/MSP_EXP432P4111/demos/tida_01575_serial/tirtos/iar/SysConfig_Generated_Files.ipcf

TypeError: Path must be a string. Received undefined
In project: examples/rtos/MSP_EXP432P4111/demos/tida_01575_serial/tirtos/iar/SysConfig_Generated_Files.ipcf

Unable to parse files
In project: examples/rtos/MSP_EXP432P4111/demos/tida_01575_serial/tirtos/iar/tida_01575_serial_MSP_EXP432P4111_tirtos_iar.ipcf

Unable to parse files
In project: examples/rtos/MSP_EXP432P4111/drivers/adcbufcontinuous/freertos/iar/SysConfig_Generated_Files.ipcf

TypeError: Path must be a string. Received undefined
In project: examples/rtos/MSP_EXP432P4111/drivers/adcbufcontinuous/freertos/iar/SysConfig_Generated_Files.ipcf

Unable to parse files
In project: examples/rtos/MSP_EXP432P4111/drivers/adcbufcontinuous/freertos/iar/adcbufcontinuous_MSP_EXP432P4111_freertos_iar.ipcf

Unable to parse files
In project: examples/rtos/MSP_EXP432P4111/drivers/adcbufcontinuous/tirtos/iar/SysConfig_Generated_Files.ipcf

TypeError: Path must be a string. Received undefined
In project: examples/rtos/MSP_EXP432P4111/drivers/adcbufcontinuous/tirtos/iar/SysConfig_Generated_Files.ipcf

Unable to parse files
In project: examples/rtos/MSP_EXP432P4111/drivers/adcbufcontinuous/tirtos/iar/adcbufcontinuous_MSP_EXP432P4111_tirtos_iar.ipcf

Unable to parse files
In project: examples/rtos/MSP_EXP432P4111/drivers/adcbufdifferential/freertos/iar/SysConfig_Generated_Files.ipcf

TypeError: Path must be a string. Received undefined
In project: examples/rtos/MSP_EXP432P4111/drivers/adcbufdifferential/freertos/iar/SysConfig_Generated_Files.ipcf

Unable to parse files
In project: examples/rtos/MSP_EXP432P4111/drivers/adcbufdifferential/freertos/iar/adcbufdifferential_MSP_EXP432P4111_freertos_iar.ipcf

Unable to parse files
In project: examples/rtos/MSP_EXP432P4111/drivers/adcbufdifferential/tirtos/iar/SysConfig_Generated_Files.ipcf

TypeError: Path must be a string. Received undefined
In project: examples/rtos/MSP_EXP432P4111/drivers/adcbufdifferential/tirtos/iar/SysConfig_Generated_Files.ipcf

Unable to parse files
In project: examples/rtos/MSP_EXP432P4111/drivers/adcbufdifferential/tirtos/iar/adcbufdifferential_MSP_EXP432P4111_tirtos_iar.ipcf

Unable to parse files
In project: examples/rtos/MSP_EXP432P4111/drivers/adcbufmultichannel/freertos/iar/SysConfig_Generated_Files.ipcf

TypeError: Path must be a string. Received undefined
In project: examples/rtos/MSP_EXP432P4111/drivers/adcbufmultichannel/freertos/iar/SysConfig_Generated_Files.ipcf

Unable to parse files
In project: examples/rtos/MSP_EXP432P4111/drivers/adcbufmultichannel/freertos/iar/adcbufmultichannel_MSP_EXP432P4111_freertos_iar.ipcf

Unable to parse files
In project: examples/rtos/MSP_EXP432P4111/drivers/adcbufmultichannel/tirtos/iar/SysConfig_Generated_Files.ipcf

TypeError: Path must be a string. Received undefined
In project: examples/rtos/MSP_EXP432P4111/drivers/adcbufmultichannel/tirtos/iar/SysConfig_Generated_Files.ipcf

Unable to parse files
In project: examples/rtos/MSP_EXP432P4111/drivers/adcbufmultichannel/tirtos/iar/adcbufmultichannel_MSP_EXP432P4111_tirtos_iar.ipcf

Unable to parse files
In project: examples/rtos/MSP_EXP432P4111/drivers/adcbuftemperature/freertos/iar/SysConfig_Generated_Files.ipcf

TypeError: Path must be a string. Received undefined
In project: examples/rtos/MSP_EXP432P4111/drivers/adcbuftemperature/freertos/iar/SysConfig_Generated_Files.ipcf

Unable to parse files
In project: examples/rtos/MSP_EXP432P4111/drivers/adcbuftemperature/freertos/iar/adcbuftemperature_MSP_EXP432P4111_freertos_iar.ipcf

Unable to parse files
In project: examples/rtos/MSP_EXP432P4111/drivers/adcbuftemperature/tirtos/iar/SysConfig_Generated_Files.ipcf

TypeError: Path must be a string. Received undefined
In project: examples/rtos/MSP_EXP432P4111/drivers/adcbuftemperature/tirtos/iar/SysConfig_Generated_Files.ipcf

Unable to parse files
In project: examples/rtos/MSP_EXP432P4111/drivers/adcbuftemperature/tirtos/iar/adcbuftemperature_MSP_EXP432P4111_tirtos_iar.ipcf

Unable to parse files
In project: examples/rtos/MSP_EXP432P4111/drivers/adcsinglechannel/freertos/iar/SysConfig_Generated_Files.ipcf

TypeError: Path must be a string. Received undefined
In project: examples/rtos/MSP_EXP432P4111/drivers/adcsinglechannel/freertos/iar/SysConfig_Generated_Files.ipcf

Unable to parse files
In project: examples/rtos/MSP_EXP432P4111/drivers/adcsinglechannel/freertos/iar/adcsinglechannel_MSP_EXP432P4111_freertos_iar.ipcf

Unable to parse files
In project: examples/rtos/MSP_EXP432P4111/drivers/adcsinglechannel/tirtos/iar/SysConfig_Generated_Files.ipcf

TypeError: Path must be a string. Received undefined
In project: examples/rtos/MSP_EXP432P4111/drivers/adcsinglechannel/tirtos/iar/SysConfig_Generated_Files.ipcf

Unable to parse files
In project: examples/rtos/MSP_EXP432P4111/drivers/adcsinglechannel/tirtos/iar/adcsinglechannel_MSP_EXP432P4111_tirtos_iar.ipcf

Unable to parse files
In project: examples/rtos/MSP_EXP432P4111/drivers/buttonled/freertos/iar/SysConfig_Generated_Files.ipcf

TypeError: Path must be a string. Received undefined
In project: examples/rtos/MSP_EXP432P4111/drivers/buttonled/freertos/iar/SysConfig_Generated_Files.ipcf

Unable to parse files
In project: examples/rtos/MSP_EXP432P4111/drivers/buttonled/freertos/iar/buttonled_MSP_EXP432P4111_freertos_iar.ipcf

Unable to parse files
In project: examples/rtos/MSP_EXP432P4111/drivers/buttonled/tirtos/iar/SysConfig_Generated_Files.ipcf

TypeError: Path must be a string. Received undefined
In project: examples/rtos/MSP_EXP432P4111/drivers/buttonled/tirtos/iar/SysConfig_Generated_Files.ipcf

Unable to parse files
In project: examples/rtos/MSP_EXP432P4111/drivers/buttonled/tirtos/iar/buttonled_MSP_EXP432P4111_tirtos_iar.ipcf

Unable to parse files
In project: examples/rtos/MSP_EXP432P4111/drivers/capturepwmdisplay/freertos/iar/SysConfig_Generated_Files.ipcf

TypeError: Path must be a string. Received undefined
In project: examples/rtos/MSP_EXP432P4111/drivers/capturepwmdisplay/freertos/iar/SysConfig_Generated_Files.ipcf

Unable to parse files
In project: examples/rtos/MSP_EXP432P4111/drivers/capturepwmdisplay/freertos/iar/capturepwmdisplay_MSP_EXP432P4111_freertos_iar.ipcf

Unable to parse files
In project: examples/rtos/MSP_EXP432P4111/drivers/capturepwmdisplay/tirtos/iar/SysConfig_Generated_Files.ipcf

TypeError: Path must be a string. Received undefined
In project: examples/rtos/MSP_EXP432P4111/drivers/capturepwmdisplay/tirtos/iar/SysConfig_Generated_Files.ipcf

Unable to parse files
In project: examples/rtos/MSP_EXP432P4111/drivers/capturepwmdisplay/tirtos/iar/capturepwmdisplay_MSP_EXP432P4111_tirtos_iar.ipcf

Unable to parse files
In project: examples/rtos/MSP_EXP432P4111/drivers/display/freertos/iar/SysConfig_Generated_Files.ipcf

TypeError: Path must be a string. Received undefined
In project: examples/rtos/MSP_EXP432P4111/drivers/display/freertos/iar/SysConfig_Generated_Files.ipcf

Unable to parse files
In project: examples/rtos/MSP_EXP432P4111/drivers/display/freertos/iar/display_MSP_EXP432P4111_freertos_iar.ipcf

Unable to parse files
In project: examples/rtos/MSP_EXP432P4111/drivers/display/tirtos/iar/SysConfig_Generated_Files.ipcf

TypeError: Path must be a string. Received undefined
In project: examples/rtos/MSP_EXP432P4111/drivers/display/tirtos/iar/SysConfig_Generated_Files.ipcf

Unable to parse files
In project: examples/rtos/MSP_EXP432P4111/drivers/display/tirtos/iar/display_MSP_EXP432P4111_tirtos_iar.ipcf

Unable to parse files
In project: examples/rtos/MSP_EXP432P4111/drivers/empty/freertos/iar/SysConfig_Generated_Files.ipcf

TypeError: Path must be a string. Received undefined
In project: examples/rtos/MSP_EXP432P4111/drivers/empty/freertos/iar/SysConfig_Generated_Files.ipcf

Unable to parse files
In project: examples/rtos/MSP_EXP432P4111/drivers/empty/freertos/iar/empty_MSP_EXP432P4111_freertos_iar.ipcf

Unable to parse files
In project: examples/rtos/MSP_EXP432P4111/drivers/empty/tirtos/iar/SysConfig_Generated_Files.ipcf

TypeError: Path must be a string. Received undefined
In project: examples/rtos/MSP_EXP432P4111/drivers/empty/tirtos/iar/SysConfig_Generated_Files.ipcf

Unable to parse files
In project: examples/rtos/MSP_EXP432P4111/drivers/empty/tirtos/iar/empty_MSP_EXP432P4111_tirtos_iar.ipcf

Unable to parse files
In project: examples/rtos/MSP_EXP432P4111/drivers/empty_legacy/freertos/iar/empty_legacy_MSP_EXP432P4111_freertos_iar.ipcf

Unable to parse files
In project: examples/rtos/MSP_EXP432P4111/drivers/empty_legacy/tirtos/iar/empty_legacy_MSP_EXP432P4111_tirtos_iar.ipcf

Unable to parse files
In project: examples/rtos/MSP_EXP432P4111/drivers/fatsdraw/freertos/iar/SysConfig_Generated_Files.ipcf

TypeError: Path must be a string. Received undefined
In project: examples/rtos/MSP_EXP432P4111/drivers/fatsdraw/freertos/iar/SysConfig_Generated_Files.ipcf

Unable to parse files
In project: examples/rtos/MSP_EXP432P4111/drivers/fatsdraw/freertos/iar/fatsdraw_MSP_EXP432P4111_freertos_iar.ipcf

Unable to parse files
In project: examples/rtos/MSP_EXP432P4111/drivers/fatsdraw/tirtos/iar/SysConfig_Generated_Files.ipcf

TypeError: Path must be a string. Received undefined
In project: examples/rtos/MSP_EXP432P4111/drivers/fatsdraw/tirtos/iar/SysConfig_Generated_Files.ipcf

Unable to parse files
In project: examples/rtos/MSP_EXP432P4111/drivers/fatsdraw/tirtos/iar/fatsdraw_MSP_EXP432P4111_tirtos_iar.ipcf

Unable to parse files
In project: examples/rtos/MSP_EXP432P4111/drivers/gpiointerrupt/freertos/iar/SysConfig_Generated_Files.ipcf

TypeError: Path must be a string. Received undefined
In project: examples/rtos/MSP_EXP432P4111/drivers/gpiointerrupt/freertos/iar/SysConfig_Generated_Files.ipcf

Unable to parse files
In project: examples/rtos/MSP_EXP432P4111/drivers/gpiointerrupt/freertos/iar/gpiointerrupt_MSP_EXP432P4111_freertos_iar.ipcf

Unable to parse files
In project: examples/rtos/MSP_EXP432P4111/drivers/gpiointerrupt/tirtos/iar/SysConfig_Generated_Files.ipcf

TypeError: Path must be a string. Received undefined
In project: examples/rtos/MSP_EXP432P4111/drivers/gpiointerrupt/tirtos/iar/SysConfig_Generated_Files.ipcf

Unable to parse files
In project: examples/rtos/MSP_EXP432P4111/drivers/gpiointerrupt/tirtos/iar/gpiointerrupt_MSP_EXP432P4111_tirtos_iar.ipcf

Unable to parse files
In project: examples/rtos/MSP_EXP432P4111/drivers/i2cmasterexample1/freertos/iar/SysConfig_Generated_Files.ipcf

TypeError: Path must be a string. Received undefined
In project: examples/rtos/MSP_EXP432P4111/drivers/i2cmasterexample1/freertos/iar/SysConfig_Generated_Files.ipcf

Unable to parse files
In project: examples/rtos/MSP_EXP432P4111/drivers/i2cmasterexample1/freertos/iar/i2cmasterexample1_MSP_EXP432P4111_freertos_iar.ipcf

Unable to parse files
In project: examples/rtos/MSP_EXP432P4111/drivers/i2cmasterexample1/tirtos/iar/SysConfig_Generated_Files.ipcf

TypeError: Path must be a string. Received undefined
In project: examples/rtos/MSP_EXP432P4111/drivers/i2cmasterexample1/tirtos/iar/SysConfig_Generated_Files.ipcf

Unable to parse files
In project: examples/rtos/MSP_EXP432P4111/drivers/i2cmasterexample1/tirtos/iar/i2cmasterexample1_MSP_EXP432P4111_tirtos_iar.ipcf

Unable to parse files
In project: examples/rtos/MSP_EXP432P4111/drivers/i2cslaveexample1/freertos/iar/SysConfig_Generated_Files.ipcf

TypeError: Path must be a string. Received undefined
In project: examples/rtos/MSP_EXP432P4111/drivers/i2cslaveexample1/freertos/iar/SysConfig_Generated_Files.ipcf

Unable to parse files
In project: examples/rtos/MSP_EXP432P4111/drivers/i2cslaveexample1/freertos/iar/i2cslaveexample1_MSP_EXP432P4111_freertos_iar.ipcf

Unable to parse files
In project: examples/rtos/MSP_EXP432P4111/drivers/i2cslaveexample1/tirtos/iar/SysConfig_Generated_Files.ipcf

TypeError: Path must be a string. Received undefined
In project: examples/rtos/MSP_EXP432P4111/drivers/i2cslaveexample1/tirtos/iar/SysConfig_Generated_Files.ipcf

Unable to parse files
In project: examples/rtos/MSP_EXP432P4111/drivers/i2cslaveexample1/tirtos/iar/i2cslaveexample1_MSP_EXP432P4111_tirtos_iar.ipcf

Unable to parse files
In project: examples/rtos/MSP_EXP432P4111/drivers/i2ctmp/freertos/iar/SysConfig_Generated_Files.ipcf

TypeError: Path must be a string. Received undefined
In project: examples/rtos/MSP_EXP432P4111/drivers/i2ctmp/freertos/iar/SysConfig_Generated_Files.ipcf

Unable to parse files
In project: examples/rtos/MSP_EXP432P4111/drivers/i2ctmp/freertos/iar/i2ctmp_MSP_EXP432P4111_freertos_iar.ipcf

Unable to parse files
In project: examples/rtos/MSP_EXP432P4111/drivers/i2ctmp/tirtos/iar/SysConfig_Generated_Files.ipcf

TypeError: Path must be a string. Received undefined
In project: examples/rtos/MSP_EXP432P4111/drivers/i2ctmp/tirtos/iar/SysConfig_Generated_Files.ipcf

Unable to parse files
In project: examples/rtos/MSP_EXP432P4111/drivers/i2ctmp/tirtos/iar/i2ctmp_MSP_EXP432P4111_tirtos_iar.ipcf

Unable to parse files
In project: examples/rtos/MSP_EXP432P4111/drivers/nvsinternal/freertos/iar/SysConfig_Generated_Files.ipcf

TypeError: Path must be a string. Received undefined
In project: examples/rtos/MSP_EXP432P4111/drivers/nvsinternal/freertos/iar/SysConfig_Generated_Files.ipcf

Unable to parse files
In project: examples/rtos/MSP_EXP432P4111/drivers/nvsinternal/freertos/iar/nvsinternal_MSP_EXP432P4111_freertos_iar.ipcf

Unable to parse files
In project: examples/rtos/MSP_EXP432P4111/drivers/nvsinternal/tirtos/iar/SysConfig_Generated_Files.ipcf

TypeError: Path must be a string. Received undefined
In project: examples/rtos/MSP_EXP432P4111/drivers/nvsinternal/tirtos/iar/SysConfig_Generated_Files.ipcf

Unable to parse files
In project: examples/rtos/MSP_EXP432P4111/drivers/nvsinternal/tirtos/iar/nvsinternal_MSP_EXP432P4111_tirtos_iar.ipcf

Unable to parse files
In project: examples/rtos/MSP_EXP432P4111/drivers/powerdeepsleep/freertos/iar/SysConfig_Generated_Files.ipcf

TypeError: Path must be a string. Received undefined
In project: examples/rtos/MSP_EXP432P4111/drivers/powerdeepsleep/freertos/iar/SysConfig_Generated_Files.ipcf

Unable to parse files
In project: examples/rtos/MSP_EXP432P4111/drivers/powerdeepsleep/freertos/iar/powerdeepsleep_MSP_EXP432P4111_freertos_iar.ipcf

Unable to parse files
In project: examples/rtos/MSP_EXP432P4111/drivers/powerdeepsleep/tirtos/iar/SysConfig_Generated_Files.ipcf

TypeError: Path must be a string. Received undefined
In project: examples/rtos/MSP_EXP432P4111/drivers/powerdeepsleep/tirtos/iar/SysConfig_Generated_Files.ipcf

Unable to parse files
In project: examples/rtos/MSP_EXP432P4111/drivers/powerdeepsleep/tirtos/iar/powerdeepsleep_MSP_EXP432P4111_tirtos_iar.ipcf

Unable to parse files
In project: examples/rtos/MSP_EXP432P4111/drivers/powerperformance/freertos/iar/SysConfig_Generated_Files.ipcf

TypeError: Path must be a string. Received undefined
In project: examples/rtos/MSP_EXP432P4111/drivers/powerperformance/freertos/iar/SysConfig_Generated_Files.ipcf

Unable to parse files
In project: examples/rtos/MSP_EXP432P4111/drivers/powerperformance/freertos/iar/powerperformance_MSP_EXP432P4111_freertos_iar.ipcf

Unable to parse files
In project: examples/rtos/MSP_EXP432P4111/drivers/powerperformance/tirtos/iar/SysConfig_Generated_Files.ipcf

TypeError: Path must be a string. Received undefined
In project: examples/rtos/MSP_EXP432P4111/drivers/powerperformance/tirtos/iar/SysConfig_Generated_Files.ipcf

Unable to parse files
In project: examples/rtos/MSP_EXP432P4111/drivers/powerperformance/tirtos/iar/powerperformance_MSP_EXP432P4111_tirtos_iar.ipcf

Unable to parse files
In project: examples/rtos/MSP_EXP432P4111/drivers/powershutdown/freertos/iar/SysConfig_Generated_Files.ipcf

TypeError: Path must be a string. Received undefined
In project: examples/rtos/MSP_EXP432P4111/drivers/powershutdown/freertos/iar/SysConfig_Generated_Files.ipcf

Unable to parse files
In project: examples/rtos/MSP_EXP432P4111/drivers/powershutdown/freertos/iar/powershutdown_MSP_EXP432P4111_freertos_iar.ipcf

Unable to parse files
In project: examples/rtos/MSP_EXP432P4111/drivers/powershutdown/tirtos/iar/SysConfig_Generated_Files.ipcf

TypeError: Path must be a string. Received undefined
In project: examples/rtos/MSP_EXP432P4111/drivers/powershutdown/tirtos/iar/SysConfig_Generated_Files.ipcf

Unable to parse files
In project: examples/rtos/MSP_EXP432P4111/drivers/powershutdown/tirtos/iar/powershutdown_MSP_EXP432P4111_tirtos_iar.ipcf

Unable to parse files
In project: examples/rtos/MSP_EXP432P4111/drivers/powersleep/freertos/iar/SysConfig_Generated_Files.ipcf

TypeError: Path must be a string. Received undefined
In project: examples/rtos/MSP_EXP432P4111/drivers/powersleep/freertos/iar/SysConfig_Generated_Files.ipcf

Unable to parse files
In project: examples/rtos/MSP_EXP432P4111/drivers/powersleep/freertos/iar/powersleep_MSP_EXP432P4111_freertos_iar.ipcf

Unable to parse files
In project: examples/rtos/MSP_EXP432P4111/drivers/powersleep/tirtos/iar/SysConfig_Generated_Files.ipcf

TypeError: Path must be a string. Received undefined
In project: examples/rtos/MSP_EXP432P4111/drivers/powersleep/tirtos/iar/SysConfig_Generated_Files.ipcf

Unable to parse files
In project: examples/rtos/MSP_EXP432P4111/drivers/powersleep/tirtos/iar/powersleep_MSP_EXP432P4111_tirtos_iar.ipcf

Unable to parse files
In project: examples/rtos/MSP_EXP432P4111/drivers/pwmled2/freertos/iar/SysConfig_Generated_Files.ipcf

TypeError: Path must be a string. Received undefined
In project: examples/rtos/MSP_EXP432P4111/drivers/pwmled2/freertos/iar/SysConfig_Generated_Files.ipcf

Unable to parse files
In project: examples/rtos/MSP_EXP432P4111/drivers/pwmled2/freertos/iar/pwmled2_MSP_EXP432P4111_freertos_iar.ipcf

Unable to parse files
In project: examples/rtos/MSP_EXP432P4111/drivers/pwmled2/tirtos/iar/SysConfig_Generated_Files.ipcf

TypeError: Path must be a string. Received undefined
In project: examples/rtos/MSP_EXP432P4111/drivers/pwmled2/tirtos/iar/SysConfig_Generated_Files.ipcf

Unable to parse files
In project: examples/rtos/MSP_EXP432P4111/drivers/pwmled2/tirtos/iar/pwmled2_MSP_EXP432P4111_tirtos_iar.ipcf

Unable to parse files
In project: examples/rtos/MSP_EXP432P4111/drivers/sdraw/freertos/iar/SysConfig_Generated_Files.ipcf

TypeError: Path must be a string. Received undefined
In project: examples/rtos/MSP_EXP432P4111/drivers/sdraw/freertos/iar/SysConfig_Generated_Files.ipcf

Unable to parse files
In project: examples/rtos/MSP_EXP432P4111/drivers/sdraw/freertos/iar/sdraw_MSP_EXP432P4111_freertos_iar.ipcf

Unable to parse files
In project: examples/rtos/MSP_EXP432P4111/drivers/sdraw/tirtos/iar/SysConfig_Generated_Files.ipcf

TypeError: Path must be a string. Received undefined
In project: examples/rtos/MSP_EXP432P4111/drivers/sdraw/tirtos/iar/SysConfig_Generated_Files.ipcf

Unable to parse files
In project: examples/rtos/MSP_EXP432P4111/drivers/sdraw/tirtos/iar/sdraw_MSP_EXP432P4111_tirtos_iar.ipcf

Unable to parse files
In project: examples/rtos/MSP_EXP432P4111/drivers/spiffsinternal/freertos/iar/SysConfig_Generated_Files.ipcf

TypeError: Path must be a string. Received undefined
In project: examples/rtos/MSP_EXP432P4111/drivers/spiffsinternal/freertos/iar/SysConfig_Generated_Files.ipcf

Unable to parse files
In project: examples/rtos/MSP_EXP432P4111/drivers/spiffsinternal/tirtos/iar/SysConfig_Generated_Files.ipcf

TypeError: Path must be a string. Received undefined
In project: examples/rtos/MSP_EXP432P4111/drivers/spiffsinternal/tirtos/iar/SysConfig_Generated_Files.ipcf

Unable to parse files
In project: examples/rtos/MSP_EXP432P4111/drivers/spiloopback/freertos/iar/SysConfig_Generated_Files.ipcf

TypeError: Path must be a string. Received undefined
In project: examples/rtos/MSP_EXP432P4111/drivers/spiloopback/freertos/iar/SysConfig_Generated_Files.ipcf

Unable to parse files
In project: examples/rtos/MSP_EXP432P4111/drivers/spiloopback/freertos/iar/spiloopback_MSP_EXP432P4111_freertos_iar.ipcf

Unable to parse files
In project: examples/rtos/MSP_EXP432P4111/drivers/spiloopback/tirtos/iar/SysConfig_Generated_Files.ipcf

TypeError: Path must be a string. Received undefined
In project: examples/rtos/MSP_EXP432P4111/drivers/spiloopback/tirtos/iar/SysConfig_Generated_Files.ipcf

Unable to parse files
In project: examples/rtos/MSP_EXP432P4111/drivers/spiloopback/tirtos/iar/spiloopback_MSP_EXP432P4111_tirtos_iar.ipcf

Unable to parse files
In project: examples/rtos/MSP_EXP432P4111/drivers/spimaster/freertos/iar/SysConfig_Generated_Files.ipcf

TypeError: Path must be a string. Received undefined
In project: examples/rtos/MSP_EXP432P4111/drivers/spimaster/freertos/iar/SysConfig_Generated_Files.ipcf

Unable to parse files
In project: examples/rtos/MSP_EXP432P4111/drivers/spimaster/freertos/iar/spimaster_MSP_EXP432P4111_freertos_iar.ipcf

Unable to parse files
In project: examples/rtos/MSP_EXP432P4111/drivers/spimaster/tirtos/iar/SysConfig_Generated_Files.ipcf

TypeError: Path must be a string. Received undefined
In project: examples/rtos/MSP_EXP432P4111/drivers/spimaster/tirtos/iar/SysConfig_Generated_Files.ipcf

Unable to parse files
In project: examples/rtos/MSP_EXP432P4111/drivers/spimaster/tirtos/iar/spimaster_MSP_EXP432P4111_tirtos_iar.ipcf

Unable to parse files
In project: examples/rtos/MSP_EXP432P4111/drivers/spislave/freertos/iar/SysConfig_Generated_Files.ipcf

TypeError: Path must be a string. Received undefined
In project: examples/rtos/MSP_EXP432P4111/drivers/spislave/freertos/iar/SysConfig_Generated_Files.ipcf

Unable to parse files
In project: examples/rtos/MSP_EXP432P4111/drivers/spislave/freertos/iar/spislave_MSP_EXP432P4111_freertos_iar.ipcf

Unable to parse files
In project: examples/rtos/MSP_EXP432P4111/drivers/spislave/tirtos/iar/SysConfig_Generated_Files.ipcf

TypeError: Path must be a string. Received undefined
In project: examples/rtos/MSP_EXP432P4111/drivers/spislave/tirtos/iar/SysConfig_Generated_Files.ipcf

Unable to parse files
In project: examples/rtos/MSP_EXP432P4111/drivers/spislave/tirtos/iar/spislave_MSP_EXP432P4111_tirtos_iar.ipcf

Unable to parse files
In project: examples/rtos/MSP_EXP432P4111/drivers/timerled/freertos/iar/SysConfig_Generated_Files.ipcf

TypeError: Path must be a string. Received undefined
In project: examples/rtos/MSP_EXP432P4111/drivers/timerled/freertos/iar/SysConfig_Generated_Files.ipcf

Unable to parse files
In project: examples/rtos/MSP_EXP432P4111/drivers/timerled/freertos/iar/timerled_MSP_EXP432P4111_freertos_iar.ipcf

Unable to parse files
In project: examples/rtos/MSP_EXP432P4111/drivers/timerled/tirtos/iar/SysConfig_Generated_Files.ipcf

TypeError: Path must be a string. Received undefined
In project: examples/rtos/MSP_EXP432P4111/drivers/timerled/tirtos/iar/SysConfig_Generated_Files.ipcf

Unable to parse files
In project: examples/rtos/MSP_EXP432P4111/drivers/timerled/tirtos/iar/timerled_MSP_EXP432P4111_tirtos_iar.ipcf

Unable to parse files
In project: examples/rtos/MSP_EXP432P4111/drivers/uartecho/freertos/iar/SysConfig_Generated_Files.ipcf

TypeError: Path must be a string. Received undefined
In project: examples/rtos/MSP_EXP432P4111/drivers/uartecho/freertos/iar/SysConfig_Generated_Files.ipcf

Unable to parse files
In project: examples/rtos/MSP_EXP432P4111/drivers/uartecho/freertos/iar/uartecho_MSP_EXP432P4111_freertos_iar.ipcf

Unable to parse files
In project: examples/rtos/MSP_EXP432P4111/drivers/uartecho/tirtos/iar/SysConfig_Generated_Files.ipcf

TypeError: Path must be a string. Received undefined
In project: examples/rtos/MSP_EXP432P4111/drivers/uartecho/tirtos/iar/SysConfig_Generated_Files.ipcf

Unable to parse files
In project: examples/rtos/MSP_EXP432P4111/drivers/uartecho/tirtos/iar/uartecho_MSP_EXP432P4111_tirtos_iar.ipcf

Unable to parse files
In project: examples/rtos/MSP_EXP432P4111/drivers/watchdog/freertos/iar/SysConfig_Generated_Files.ipcf

TypeError: Path must be a string. Received undefined
In project: examples/rtos/MSP_EXP432P4111/drivers/watchdog/freertos/iar/SysConfig_Generated_Files.ipcf

Unable to parse files
In project: examples/rtos/MSP_EXP432P4111/drivers/watchdog/freertos/iar/watchdog_MSP_EXP432P4111_freertos_iar.ipcf

Unable to parse files
In project: examples/rtos/MSP_EXP432P4111/drivers/watchdog/tirtos/iar/SysConfig_Generated_Files.ipcf

TypeError: Path must be a string. Received undefined
In project: examples/rtos/MSP_EXP432P4111/drivers/watchdog/tirtos/iar/SysConfig_Generated_Files.ipcf

Unable to parse files
In project: examples/rtos/MSP_EXP432P4111/drivers/watchdog/tirtos/iar/watchdog_MSP_EXP432P4111_tirtos_iar.ipcf

Unable to parse files
In project: examples/rtos/MSP_EXP432P4111/lz4/lz4_data_logging/freertos/iar/lz4_data_logging_MSP_EXP432P4111_freertos_iar.ipcf

Unable to parse files
In project: examples/rtos/MSP_EXP432P4111/lz4/lz4_data_logging/tirtos/iar/lz4_data_logging_MSP_EXP432P4111_tirtos_iar.ipcf

Unable to parse files
In project: examples/rtos/MSP_EXP432P4111/sysbios/benchloop/tirtos/iar/SysConfig_Generated_Files.ipcf

TypeError: Path must be a string. Received undefined
In project: examples/rtos/MSP_EXP432P4111/sysbios/benchloop/tirtos/iar/SysConfig_Generated_Files.ipcf

Unable to parse files
In project: examples/rtos/MSP_EXP432P4111/sysbios/benchloop/tirtos/iar/benchloop_MSP_EXP432P4111_tirtos_iar.ipcf

Unable to parse files
In project: examples/rtos/MSP_EXP432P4111/sysbios/clock/tirtos/iar/SysConfig_Generated_Files.ipcf

TypeError: Path must be a string. Received undefined
In project: examples/rtos/MSP_EXP432P4111/sysbios/clock/tirtos/iar/SysConfig_Generated_Files.ipcf

Unable to parse files
In project: examples/rtos/MSP_EXP432P4111/sysbios/clock/tirtos/iar/clock_MSP_EXP432P4111_tirtos_iar.ipcf

Unable to parse files
In project: examples/rtos/MSP_EXP432P4111/sysbios/error/tirtos/iar/SysConfig_Generated_Files.ipcf

TypeError: Path must be a string. Received undefined
In project: examples/rtos/MSP_EXP432P4111/sysbios/error/tirtos/iar/SysConfig_Generated_Files.ipcf

Unable to parse files
In project: examples/rtos/MSP_EXP432P4111/sysbios/error/tirtos/iar/error_MSP_EXP432P4111_tirtos_iar.ipcf

Unable to parse files
In project: examples/rtos/MSP_EXP432P4111/sysbios/event/tirtos/iar/SysConfig_Generated_Files.ipcf

TypeError: Path must be a string. Received undefined
In project: examples/rtos/MSP_EXP432P4111/sysbios/event/tirtos/iar/SysConfig_Generated_Files.ipcf

Unable to parse files
In project: examples/rtos/MSP_EXP432P4111/sysbios/event/tirtos/iar/event_MSP_EXP432P4111_tirtos_iar.ipcf

Unable to parse files
In project: examples/rtos/MSP_EXP432P4111/sysbios/hello/tirtos/iar/SysConfig_Generated_Files.ipcf

TypeError: Path must be a string. Received undefined
In project: examples/rtos/MSP_EXP432P4111/sysbios/hello/tirtos/iar/SysConfig_Generated_Files.ipcf

Unable to parse files
In project: examples/rtos/MSP_EXP432P4111/sysbios/hello/tirtos/iar/hello_MSP_EXP432P4111_tirtos_iar.ipcf

Unable to parse files
In project: examples/rtos/MSP_EXP432P4111/sysbios/mailbox/tirtos/iar/SysConfig_Generated_Files.ipcf

TypeError: Path must be a string. Received undefined
In project: examples/rtos/MSP_EXP432P4111/sysbios/mailbox/tirtos/iar/SysConfig_Generated_Files.ipcf

Unable to parse files
In project: examples/rtos/MSP_EXP432P4111/sysbios/mailbox/tirtos/iar/mailbox_MSP_EXP432P4111_tirtos_iar.ipcf

Unable to parse files
In project: examples/rtos/MSP_EXP432P4111/sysbios/memory/tirtos/iar/SysConfig_Generated_Files.ipcf

TypeError: Path must be a string. Received undefined
In project: examples/rtos/MSP_EXP432P4111/sysbios/memory/tirtos/iar/SysConfig_Generated_Files.ipcf

Unable to parse files
In project: examples/rtos/MSP_EXP432P4111/sysbios/memory/tirtos/iar/memory_MSP_EXP432P4111_tirtos_iar.ipcf

Unable to parse files
In project: examples/rtos/MSP_EXP432P4111/sysbios/mutex/tirtos/iar/SysConfig_Generated_Files.ipcf

TypeError: Path must be a string. Received undefined
In project: examples/rtos/MSP_EXP432P4111/sysbios/mutex/tirtos/iar/SysConfig_Generated_Files.ipcf

Unable to parse files
In project: examples/rtos/MSP_EXP432P4111/sysbios/mutex/tirtos/iar/mutex_MSP_EXP432P4111_tirtos_iar.ipcf

Unable to parse files
In project: examples/rtos/MSP_EXP432P4111/sysbios/swi/tirtos/iar/SysConfig_Generated_Files.ipcf

TypeError: Path must be a string. Received undefined
In project: examples/rtos/MSP_EXP432P4111/sysbios/swi/tirtos/iar/SysConfig_Generated_Files.ipcf

Unable to parse files
In project: examples/rtos/MSP_EXP432P4111/sysbios/swi/tirtos/iar/swi_MSP_EXP432P4111_tirtos_iar.ipcf

Unable to parse files
In project: examples/rtos/MSP_EXP432P4111/tiutils/json/freertos/iar/SysConfig_Generated_Files.ipcf

TypeError: Path must be a string. Received undefined
In project: examples/rtos/MSP_EXP432P4111/tiutils/json/freertos/iar/SysConfig_Generated_Files.ipcf

Unable to parse files
In project: examples/rtos/MSP_EXP432P4111/tiutils/json/freertos/iar/json_MSP_EXP432P4111_freertos_iar.ipcf

Unable to parse files
In project: examples/rtos/MSP_EXP432P4111/tiutils/json/tirtos/iar/SysConfig_Generated_Files.ipcf

TypeError: Path must be a string. Received undefined
In project: examples/rtos/MSP_EXP432P4111/tiutils/json/tirtos/iar/SysConfig_Generated_Files.ipcf

Unable to parse files
In project: examples/rtos/MSP_EXP432P4111/tiutils/json/tirtos/iar/json_MSP_EXP432P4111_tirtos_iar.ipcf

File not found: ${FREERTOS_INSTALL_DIR}/FreeRTOS/Source/croutine.c
In project: kernel/freertos/builds/MSP_EXP432P401R/release/ccs/freertos_builds_MSP_EXP432P401R_release_ccs.projectspec

File not found: ${FREERTOS_INSTALL_DIR}/FreeRTOS/Source/event_groups.c
In project: kernel/freertos/builds/MSP_EXP432P401R/release/ccs/freertos_builds_MSP_EXP432P401R_release_ccs.projectspec

File not found: ${FREERTOS_INSTALL_DIR}/FreeRTOS/Source/list.c
In project: kernel/freertos/builds/MSP_EXP432P401R/release/ccs/freertos_builds_MSP_EXP432P401R_release_ccs.projectspec

File not found: ${FREERTOS_INSTALL_DIR}/FreeRTOS/Source/queue.c
In project: kernel/freertos/builds/MSP_EXP432P401R/release/ccs/freertos_builds_MSP_EXP432P401R_release_ccs.projectspec

File not found: ${FREERTOS_INSTALL_DIR}/FreeRTOS/Source/stream_buffer.c
In project: kernel/freertos/builds/MSP_EXP432P401R/release/ccs/freertos_builds_MSP_EXP432P401R_release_ccs.projectspec

File not found: ${FREERTOS_INSTALL_DIR}/FreeRTOS/Source/tasks.c
In project: kernel/freertos/builds/MSP_EXP432P401R/release/ccs/freertos_builds_MSP_EXP432P401R_release_ccs.projectspec

File not found: ${FREERTOS_INSTALL_DIR}/FreeRTOS/Source/timers.c
In project: kernel/freertos/builds/MSP_EXP432P401R/release/ccs/freertos_builds_MSP_EXP432P401R_release_ccs.projectspec

File not found: ${FREERTOS_INSTALL_DIR}/FreeRTOS/Source/portable/MemMang/heap_4.c
In project: kernel/freertos/builds/MSP_EXP432P401R/release/ccs/freertos_builds_MSP_EXP432P401R_release_ccs.projectspec

File not found: ${FREERTOS_INSTALL_DIR}/FreeRTOS/Source/portable/CCS/ARM_CM4F/port.c
In project: kernel/freertos/builds/MSP_EXP432P401R/release/ccs/freertos_builds_MSP_EXP432P401R_release_ccs.projectspec

File not found: ${FREERTOS_INSTALL_DIR}/FreeRTOS/Source/portable/CCS/ARM_CM4F/portasm.asm
In project: kernel/freertos/builds/MSP_EXP432P401R/release/ccs/freertos_builds_MSP_EXP432P401R_release_ccs.projectspec

File not found: ${FREERTOS_INSTALL_DIR}/FreeRTOS/Source/croutine.c
In project: kernel/freertos/builds/MSP_EXP432P401R/release/gcc/freertos_builds_MSP_EXP432P401R_release_gcc.projectspec

File not found: ${FREERTOS_INSTALL_DIR}/FreeRTOS/Source/event_groups.c
In project: kernel/freertos/builds/MSP_EXP432P401R/release/gcc/freertos_builds_MSP_EXP432P401R_release_gcc.projectspec

File not found: ${FREERTOS_INSTALL_DIR}/FreeRTOS/Source/list.c
In project: kernel/freertos/builds/MSP_EXP432P401R/release/gcc/freertos_builds_MSP_EXP432P401R_release_gcc.projectspec

File not found: ${FREERTOS_INSTALL_DIR}/FreeRTOS/Source/queue.c
In project: kernel/freertos/builds/MSP_EXP432P401R/release/gcc/freertos_builds_MSP_EXP432P401R_release_gcc.projectspec

File not found: ${FREERTOS_INSTALL_DIR}/FreeRTOS/Source/stream_buffer.c
In project: kernel/freertos/builds/MSP_EXP432P401R/release/gcc/freertos_builds_MSP_EXP432P401R_release_gcc.projectspec

File not found: ${FREERTOS_INSTALL_DIR}/FreeRTOS/Source/tasks.c
In project: kernel/freertos/builds/MSP_EXP432P401R/release/gcc/freertos_builds_MSP_EXP432P401R_release_gcc.projectspec

File not found: ${FREERTOS_INSTALL_DIR}/FreeRTOS/Source/timers.c
In project: kernel/freertos/builds/MSP_EXP432P401R/release/gcc/freertos_builds_MSP_EXP432P401R_release_gcc.projectspec

File not found: ${FREERTOS_INSTALL_DIR}/FreeRTOS/Source/portable/MemMang/heap_4.c
In project: kernel/freertos/builds/MSP_EXP432P401R/release/gcc/freertos_builds_MSP_EXP432P401R_release_gcc.projectspec

File not found: ${FREERTOS_INSTALL_DIR}/FreeRTOS/Source/portable/GCC/ARM_CM4F/port.c
In project: kernel/freertos/builds/MSP_EXP432P401R/release/gcc/freertos_builds_MSP_EXP432P401R_release_gcc.projectspec

File not found: ../../../../../../FreeRTOS/Source/croutine.c
In project: kernel/freertos/builds/MSP_EXP432P401R/release/iar/freertos_builds_MSP_EXP432P401R_release.ipcf

File not found: ../../../../../../FreeRTOS/Source/event_groups.c
In project: kernel/freertos/builds/MSP_EXP432P401R/release/iar/freertos_builds_MSP_EXP432P401R_release.ipcf

File not found: ../../../../../../FreeRTOS/Source/list.c
In project: kernel/freertos/builds/MSP_EXP432P401R/release/iar/freertos_builds_MSP_EXP432P401R_release.ipcf

File not found: ../../../../../../FreeRTOS/Source/queue.c
In project: kernel/freertos/builds/MSP_EXP432P401R/release/iar/freertos_builds_MSP_EXP432P401R_release.ipcf

File not found: ../../../../../../FreeRTOS/Source/stream_buffer.c
In project: kernel/freertos/builds/MSP_EXP432P401R/release/iar/freertos_builds_MSP_EXP432P401R_release.ipcf

File not found: ../../../../../../FreeRTOS/Source/tasks.c
In project: kernel/freertos/builds/MSP_EXP432P401R/release/iar/freertos_builds_MSP_EXP432P401R_release.ipcf

File not found: ../../../../../../FreeRTOS/Source/timers.c
In project: kernel/freertos/builds/MSP_EXP432P401R/release/iar/freertos_builds_MSP_EXP432P401R_release.ipcf

File not found: ../../../../../../FreeRTOS/Source/portable/IAR/ARM_CM4F/port.c
In project: kernel/freertos/builds/MSP_EXP432P401R/release/iar/freertos_builds_MSP_EXP432P401R_release.ipcf

File not found: ../../../../../../FreeRTOS/Source/portable/MemMang/heap_4.c
In project: kernel/freertos/builds/MSP_EXP432P401R/release/iar/freertos_builds_MSP_EXP432P401R_release.ipcf

File not found: ../../../../../../FreeRTOS/Source/portable/IAR/ARM_CM4F/portasm.s
In project: kernel/freertos/builds/MSP_EXP432P401R/release/iar/freertos_builds_MSP_EXP432P401R_release.ipcf

File not found: ${FREERTOS_INSTALL_DIR}/FreeRTOS/Source/croutine.c
In project: kernel/freertos/builds/MSP_EXP432P4111/release/ccs/freertos_builds_MSP_EXP432P4111_release_ccs.projectspec

File not found: ${FREERTOS_INSTALL_DIR}/FreeRTOS/Source/event_groups.c
In project: kernel/freertos/builds/MSP_EXP432P4111/release/ccs/freertos_builds_MSP_EXP432P4111_release_ccs.projectspec

File not found: ${FREERTOS_INSTALL_DIR}/FreeRTOS/Source/list.c
In project: kernel/freertos/builds/MSP_EXP432P4111/release/ccs/freertos_builds_MSP_EXP432P4111_release_ccs.projectspec

File not found: ${FREERTOS_INSTALL_DIR}/FreeRTOS/Source/queue.c
In project: kernel/freertos/builds/MSP_EXP432P4111/release/ccs/freertos_builds_MSP_EXP432P4111_release_ccs.projectspec

File not found: ${FREERTOS_INSTALL_DIR}/FreeRTOS/Source/stream_buffer.c
In project: kernel/freertos/builds/MSP_EXP432P4111/release/ccs/freertos_builds_MSP_EXP432P4111_release_ccs.projectspec

File not found: ${FREERTOS_INSTALL_DIR}/FreeRTOS/Source/tasks.c
In project: kernel/freertos/builds/MSP_EXP432P4111/release/ccs/freertos_builds_MSP_EXP432P4111_release_ccs.projectspec

File not found: ${FREERTOS_INSTALL_DIR}/FreeRTOS/Source/timers.c
In project: kernel/freertos/builds/MSP_EXP432P4111/release/ccs/freertos_builds_MSP_EXP432P4111_release_ccs.projectspec

File not found: ${FREERTOS_INSTALL_DIR}/FreeRTOS/Source/portable/MemMang/heap_4.c
In project: kernel/freertos/builds/MSP_EXP432P4111/release/ccs/freertos_builds_MSP_EXP432P4111_release_ccs.projectspec

File not found: ${FREERTOS_INSTALL_DIR}/FreeRTOS/Source/portable/CCS/ARM_CM4F/port.c
In project: kernel/freertos/builds/MSP_EXP432P4111/release/ccs/freertos_builds_MSP_EXP432P4111_release_ccs.projectspec

File not found: ${FREERTOS_INSTALL_DIR}/FreeRTOS/Source/portable/CCS/ARM_CM4F/portasm.asm
In project: kernel/freertos/builds/MSP_EXP432P4111/release/ccs/freertos_builds_MSP_EXP432P4111_release_ccs.projectspec

File not found: ${FREERTOS_INSTALL_DIR}/FreeRTOS/Source/croutine.c
In project: kernel/freertos/builds/MSP_EXP432P4111/release/gcc/freertos_builds_MSP_EXP432P4111_release_gcc.projectspec

File not found: ${FREERTOS_INSTALL_DIR}/FreeRTOS/Source/event_groups.c
In project: kernel/freertos/builds/MSP_EXP432P4111/release/gcc/freertos_builds_MSP_EXP432P4111_release_gcc.projectspec

File not found: ${FREERTOS_INSTALL_DIR}/FreeRTOS/Source/list.c
In project: kernel/freertos/builds/MSP_EXP432P4111/release/gcc/freertos_builds_MSP_EXP432P4111_release_gcc.projectspec

File not found: ${FREERTOS_INSTALL_DIR}/FreeRTOS/Source/queue.c
In project: kernel/freertos/builds/MSP_EXP432P4111/release/gcc/freertos_builds_MSP_EXP432P4111_release_gcc.projectspec

File not found: ${FREERTOS_INSTALL_DIR}/FreeRTOS/Source/stream_buffer.c
In project: kernel/freertos/builds/MSP_EXP432P4111/release/gcc/freertos_builds_MSP_EXP432P4111_release_gcc.projectspec

File not found: ${FREERTOS_INSTALL_DIR}/FreeRTOS/Source/tasks.c
In project: kernel/freertos/builds/MSP_EXP432P4111/release/gcc/freertos_builds_MSP_EXP432P4111_release_gcc.projectspec

File not found: ${FREERTOS_INSTALL_DIR}/FreeRTOS/Source/timers.c
In project: kernel/freertos/builds/MSP_EXP432P4111/release/gcc/freertos_builds_MSP_EXP432P4111_release_gcc.projectspec

File not found: ${FREERTOS_INSTALL_DIR}/FreeRTOS/Source/portable/MemMang/heap_4.c
In project: kernel/freertos/builds/MSP_EXP432P4111/release/gcc/freertos_builds_MSP_EXP432P4111_release_gcc.projectspec

File not found: ${FREERTOS_INSTALL_DIR}/FreeRTOS/Source/portable/GCC/ARM_CM4F/port.c
In project: kernel/freertos/builds/MSP_EXP432P4111/release/gcc/freertos_builds_MSP_EXP432P4111_release_gcc.projectspec

File not found: ../../../../../../FreeRTOS/Source/croutine.c
In project: kernel/freertos/builds/MSP_EXP432P4111/release/iar/freertos_builds_MSP_EXP432P4111_release.ipcf

File not found: ../../../../../../FreeRTOS/Source/event_groups.c
In project: kernel/freertos/builds/MSP_EXP432P4111/release/iar/freertos_builds_MSP_EXP432P4111_release.ipcf

File not found: ../../../../../../FreeRTOS/Source/list.c
In project: kernel/freertos/builds/MSP_EXP432P4111/release/iar/freertos_builds_MSP_EXP432P4111_release.ipcf

File not found: ../../../../../../FreeRTOS/Source/queue.c
In project: kernel/freertos/builds/MSP_EXP432P4111/release/iar/freertos_builds_MSP_EXP432P4111_release.ipcf

File not found: ../../../../../../FreeRTOS/Source/stream_buffer.c
In project: kernel/freertos/builds/MSP_EXP432P4111/release/iar/freertos_builds_MSP_EXP432P4111_release.ipcf

File not found: ../../../../../../FreeRTOS/Source/tasks.c
In project: kernel/freertos/builds/MSP_EXP432P4111/release/iar/freertos_builds_MSP_EXP432P4111_release.ipcf

File not found: ../../../../../../FreeRTOS/Source/timers.c
In project: kernel/freertos/builds/MSP_EXP432P4111/release/iar/freertos_builds_MSP_EXP432P4111_release.ipcf

File not found: ../../../../../../FreeRTOS/Source/portable/IAR/ARM_CM4F/port.c
In project: kernel/freertos/builds/MSP_EXP432P4111/release/iar/freertos_builds_MSP_EXP432P4111_release.ipcf

File not found: ../../../../../../FreeRTOS/Source/portable/MemMang/heap_4.c
In project: kernel/freertos/builds/MSP_EXP432P4111/release/iar/freertos_builds_MSP_EXP432P4111_release.ipcf

File not found: ../../../../../../FreeRTOS/Source/portable/IAR/ARM_CM4F/portasm.s
In project: kernel/freertos/builds/MSP_EXP432P4111/release/iar/freertos_builds_MSP_EXP432P4111_release.ipcf

